#
# There is insufficient memory for the Java Runtime Environment to continue.
# Native memory allocation (malloc) failed to allocate 1048576 bytes. Error detail: AllocateHeap
# Possible reasons:
#   The system is out of physical RAM or swap space
#   This process is running with CompressedOops enabled, and the Java Heap may be blocking the growth of the native heap
# Possible solutions:
#   Reduce memory load on the system
#   Increase physical memory or swap space
#   Check if swap backing store is full
#   Decrease Java heap size (-Xmx/-Xms)
#   Decrease number of Java threads
#   Decrease Java thread stack sizes (-Xss)
#   Set larger code cache with -XX:ReservedCodeCacheSize=
#   JVM is running with Unscaled Compressed Oops mode in which the Java heap is
#     placed in the first 4GB address space. The Java Heap base address is the
#     maximum limit for the native heap growth. Please use -XX:HeapBaseMinAddress
#     to set the Java Heap base and to place the Java Heap above 4GB virtual address.
# This output file may be truncated or incomplete.
#
#  Out of Memory Error (allocation.cpp:44), pid=3768, tid=14388
#
# JRE version: OpenJDK Runtime Environment Temurin-21.0.9+10 (21.0.9+10) (build 21.0.9+10-LTS)
# Java VM: OpenJDK 64-Bit Server VM Temurin-21.0.9+10 (21.0.9+10-LTS, mixed mode, sharing, tiered, compressed oops, compressed class ptrs, parallel gc, windows-amd64)
# No core dump will be written. Minidumps are not enabled by default on client versions of Windows
#

---------------  S U M M A R Y ------------

Command Line: --add-modules=ALL-SYSTEM --add-opens=java.base/java.util=ALL-UNNAMED --add-opens=java.base/java.lang=ALL-UNNAMED --add-opens=java.base/sun.nio.fs=ALL-UNNAMED -Declipse.application=org.eclipse.jdt.ls.core.id1 -Dosgi.bundles.defaultStartLevel=4 -Declipse.product=org.eclipse.jdt.ls.core.product -Djava.import.generatesMetadataFilesAtProjectRoot=false -DDetectVMInstallationsJob.disabled=true -Dfile.encoding=utf8 -XX:+UseParallelGC -XX:GCTimeRatio=4 -XX:AdaptiveSizePolicyWeight=90 -Dsun.zip.disableMemoryMapping=true -Xmx2G -Xms100m -Xlog:disable -javaagent:c:\Users\KRISHNANSOURAV\.vscode\extensions\redhat.java-1.51.0-win32-x64\lombok\lombok-1.18.39-4050.jar -XX:+HeapDumpOnOutOfMemoryError -XX:HeapDumpPath=c:\Users\KRISHNANSOURAV\AppData\Roaming\Code\User\workspaceStorage\b65ec31a61f428cd775f041e1f55bc02\redhat.java -Daether.dependencyCollector.impl=bf c:\Users\KRISHNANSOURAV\.vscode\extensions\redhat.java-1.51.0-win32-x64\server\plugins\org.eclipse.equinox.launcher_1.7.100.v20251111-0406.jar -configuration c:\Users\KRISHNANSOURAV\AppData\Roaming\Code\User\globalStorage\redhat.java\1.51.0\config_win -data c:\Users\KRISHNANSOURAV\AppData\Roaming\Code\User\workspaceStorage\b65ec31a61f428cd775f041e1f55bc02\redhat.java\jdt_ws --pipe=\\.\pipe\lsp-6f008387220e831358dfe3c4a61fcf94-sock

Host: 11th Gen Intel(R) Core(TM) i7-1165G7 @ 2.80GHz, 8 cores, 15G,  Windows 11 , 64 bit Build 22621 (10.0.22621.5415)
Time: Tue Jan 27 13:14:30 2026 India Standard Time elapsed time: 9258.352968 seconds (0d 2h 34m 18s)

---------------  T H R E A D  ---------------

Current thread (0x0000021e722b6550):  JavaThread "Attach Listener" daemon [_thread_in_vm, id=14388, stack(0x00000028f7f00000,0x00000028f8000000) (1024K)]

Stack: [0x00000028f7f00000,0x00000028f8000000]
Native frames: (J=compiled Java code, j=interpreted, Vv=VM code, C=native code)
V  [jvm.dll+0x6d6e29]
V  [jvm.dll+0x8b4b76]
V  [jvm.dll+0x8b712e]
V  [jvm.dll+0x8b7813]
V  [jvm.dll+0x283d86]
V  [jvm.dll+0xc1277]
V  [jvm.dll+0x6d76d9]
V  [jvm.dll+0x133466]
V  [jvm.dll+0x3f7ea6]
V  [jvm.dll+0x85e9ad]
V  [jvm.dll+0x6d565d]
C  [ucrtbase.dll+0x29333]
C  [KERNEL32.DLL+0x1259d]
C  [ntdll.dll+0x5af78]


---------------  P R O C E S S  ---------------

Threads class SMR info:
_java_thread_list=0x0000021e73bfae00, length=41, elements={
0x0000021e5b824890, 0x0000021e7228fd30, 0x0000021e72293540, 0x0000021e72295360,
0x0000021e722b6550, 0x0000021e722b8c30, 0x0000021e722b9f50, 0x0000021e722c8dc0,
0x0000021e73b51c10, 0x0000021e73cecab0, 0x0000021e73e90690, 0x0000021e788a3640,
0x0000021e787641f0, 0x0000021e7808eda0, 0x0000021e7808f7d0, 0x0000021e78d950f0,
0x0000021e78da3f00, 0x0000021e790495e0, 0x0000021e790fee70, 0x0000021e791008b0,
0x0000021e790ff500, 0x0000021e790ffb90, 0x0000021e790fe7e0, 0x0000021e7c6554c0,
0x0000021e7c6519b0, 0x0000021e7c654110, 0x0000021e7c655b50, 0x0000021e7c64f8e0,
0x0000021e7c6533f0, 0x0000021e7c656870, 0x0000021e7c650600, 0x0000021e7c651320,
0x0000021e7a743c40, 0x0000021e7a745d10, 0x0000021e7a744960, 0x0000021e7a7442d0,
0x0000021e7bf029e0, 0x0000021e7bf08c50, 0x0000021e7bbdecb0, 0x0000021e7bbddf90,
0x0000021e7bbe1410
}

Java Threads: ( => current thread )
  0x0000021e5b824890 JavaThread "main"                              [_thread_blocked, id=4208, stack(0x00000028f7800000,0x00000028f7900000) (1024K)]
  0x0000021e7228fd30 JavaThread "Reference Handler"          daemon [_thread_blocked, id=16912, stack(0x00000028f7c00000,0x00000028f7d00000) (1024K)]
  0x0000021e72293540 JavaThread "Finalizer"                  daemon [_thread_blocked, id=9684, stack(0x00000028f7d00000,0x00000028f7e00000) (1024K)]
  0x0000021e72295360 JavaThread "Signal Dispatcher"          daemon [_thread_blocked, id=17656, stack(0x00000028f7e00000,0x00000028f7f00000) (1024K)]
=>0x0000021e722b6550 JavaThread "Attach Listener"            daemon [_thread_in_vm, id=14388, stack(0x00000028f7f00000,0x00000028f8000000) (1024K)]
  0x0000021e722b8c30 JavaThread "Service Thread"             daemon [_thread_blocked, id=7512, stack(0x00000028f8000000,0x00000028f8100000) (1024K)]
  0x0000021e722b9f50 JavaThread "Monitor Deflation Thread"   daemon [_thread_blocked, id=5212, stack(0x00000028f8100000,0x00000028f8200000) (1024K)]
  0x0000021e722c8dc0 JavaThread "C2 CompilerThread0"         daemon [_thread_blocked, id=2896, stack(0x00000028f8200000,0x00000028f8300000) (1024K)]
  0x0000021e73b51c10 JavaThread "C1 CompilerThread0"         daemon [_thread_blocked, id=5160, stack(0x00000028f8300000,0x00000028f8400000) (1024K)]
  0x0000021e73cecab0 JavaThread "Common-Cleaner"             daemon [_thread_blocked, id=15228, stack(0x00000028f8400000,0x00000028f8500000) (1024K)]
  0x0000021e73e90690 JavaThread "Notification Thread"        daemon [_thread_blocked, id=13864, stack(0x00000028f8600000,0x00000028f8700000) (1024K)]
  0x0000021e788a3640 JavaThread "Active Thread: Equinox Container: ff0d7574-8281-4719-9965-cbcb6c06259c"        [_thread_blocked, id=19040, stack(0x00000028f8e00000,0x00000028f8f00000) (1024K)]
  0x0000021e787641f0 JavaThread "Refresh Thread: Equinox Container: ff0d7574-8281-4719-9965-cbcb6c06259c" daemon [_thread_blocked, id=1824, stack(0x00000028f9000000,0x00000028f9100000) (1024K)]
  0x0000021e7808eda0 JavaThread "Framework Event Dispatcher: Equinox Container: ff0d7574-8281-4719-9965-cbcb6c06259c" daemon [_thread_blocked, id=2068, stack(0x00000028f9100000,0x00000028f9200000) (1024K)]
  0x0000021e7808f7d0 JavaThread "Start Level: Equinox Container: ff0d7574-8281-4719-9965-cbcb6c06259c" daemon [_thread_blocked, id=14452, stack(0x00000028f9200000,0x00000028f9300000) (1024K)]
  0x0000021e78d950f0 JavaThread "Bundle File Closer"         daemon [_thread_blocked, id=18756, stack(0x00000028f9300000,0x00000028f9400000) (1024K)]
  0x0000021e78da3f00 JavaThread "SCR Component Actor"        daemon [_thread_blocked, id=18684, stack(0x00000028f9400000,0x00000028f9500000) (1024K)]
  0x0000021e790495e0 JavaThread "Worker-JM"                         [_thread_blocked, id=15872, stack(0x00000028f9500000,0x00000028f9600000) (1024K)]
  0x0000021e790fee70 JavaThread "JNA Cleaner"                daemon [_thread_blocked, id=4252, stack(0x00000028f8700000,0x00000028f8800000) (1024K)]
  0x0000021e791008b0 JavaThread "Java indexing"              daemon [_thread_blocked, id=2668, stack(0x00000028f9900000,0x00000028f9a00000) (1024K)]
  0x0000021e790ff500 JavaThread "Thread-1"                   daemon [_thread_in_native, id=10636, stack(0x00000028f9c00000,0x00000028f9d00000) (1024K)]
  0x0000021e790ffb90 JavaThread "Thread-2"                   daemon [_thread_in_native, id=1120, stack(0x00000028f9d00000,0x00000028f9e00000) (1024K)]
  0x0000021e790fe7e0 JavaThread "Thread-3"                   daemon [_thread_in_native, id=16620, stack(0x00000028f9e00000,0x00000028f9f00000) (1024K)]
  0x0000021e7c6554c0 JavaThread "Thread-4"                   daemon [_thread_in_native, id=4256, stack(0x00000028f9f00000,0x00000028fa000000) (1024K)]
  0x0000021e7c6519b0 JavaThread "Thread-5"                   daemon [_thread_in_native, id=15016, stack(0x00000028fa000000,0x00000028fa100000) (1024K)]
  0x0000021e7c654110 JavaThread "Thread-6"                   daemon [_thread_in_native, id=15716, stack(0x00000028fa100000,0x00000028fa200000) (1024K)]
  0x0000021e7c655b50 JavaThread "Thread-7"                   daemon [_thread_in_native, id=5932, stack(0x00000028fa200000,0x00000028fa300000) (1024K)]
  0x0000021e7c64f8e0 JavaThread "Thread-8"                   daemon [_thread_in_native, id=1592, stack(0x00000028fa300000,0x00000028fa400000) (1024K)]
  0x0000021e7c6533f0 JavaThread "Thread-9"                   daemon [_thread_in_native, id=7420, stack(0x00000028fa400000,0x00000028fa500000) (1024K)]
  0x0000021e7c656870 JavaThread "pool-2-thread-1"                   [_thread_blocked, id=5744, stack(0x00000028fa500000,0x00000028fa600000) (1024K)]
  0x0000021e7c650600 JavaThread "WorkspaceEventsHandler"            [_thread_blocked, id=9256, stack(0x00000028fa700000,0x00000028fa800000) (1024K)]
  0x0000021e7c651320 JavaThread "pool-1-thread-1"                   [_thread_blocked, id=7836, stack(0x00000028fa800000,0x00000028fa900000) (1024K)]
  0x0000021e7a743c40 JavaThread "Java Debug Server"          daemon [_thread_in_native, id=6320, stack(0x00000028f9800000,0x00000028f9900000) (1024K)]
  0x0000021e7a745d10 JavaThread "pool-4-thread-1"                   [_thread_in_native, id=4116, stack(0x00000028fb000000,0x00000028fb100000) (1024K)]
  0x0000021e7a744960 JavaThread "RxSchedulerPurge-1"         daemon [_thread_blocked, id=14860, stack(0x00000028fb100000,0x00000028fb200000) (1024K)]
  0x0000021e7a7442d0 JavaThread "RxCachedWorkerPoolEvictor-1" daemon [_thread_blocked, id=7536, stack(0x00000028fb200000,0x00000028fb300000) (1024K)]
  0x0000021e7bf029e0 JavaThread "process reaper (pid 17052)" daemon [_thread_in_native, id=7580, stack(0x00000028f71e0000,0x00000028f7200000) (128K)]
  0x0000021e7bf08c50 JavaThread "Cleaner-0"                  daemon [_thread_blocked, id=12000, stack(0x00000028f7700000,0x00000028f7800000) (1024K)]
  0x0000021e7bbdecb0 JavaThread "Worker-49"                         [_thread_blocked, id=20004, stack(0x00000028fb300000,0x00000028fb400000) (1024K)]
  0x0000021e7bbddf90 JavaThread "Worker-50"                         [_thread_blocked, id=12980, stack(0x00000028fb600000,0x00000028fb700000) (1024K)]
  0x0000021e7bbe1410 JavaThread "RxNewThreadScheduler-5"     daemon [_thread_blocked, id=7120, stack(0x00000028f9700000,0x00000028f9800000) (1024K)]
Total: 41

Other Threads:
  0x0000021e5b8dd300 VMThread "VM Thread"                           [id=4788, stack(0x00000028f7b00000,0x00000028f7c00000) (1024K)]
  0x0000021e5b8901e0 WatcherThread "VM Periodic Task Thread"        [id=7144, stack(0x00000028f7a00000,0x00000028f7b00000) (1024K)]
  0x0000021e5b842a00 WorkerThread "GC Thread#0"                     [id=2404, stack(0x00000028f7900000,0x00000028f7a00000) (1024K)]
  0x0000021e783c51c0 WorkerThread "GC Thread#1"                     [id=13856, stack(0x00000028f8800000,0x00000028f8900000) (1024K)]
  0x0000021e78038190 WorkerThread "GC Thread#2"                     [id=3876, stack(0x00000028f8900000,0x00000028f8a00000) (1024K)]
  0x0000021e78033330 WorkerThread "GC Thread#3"                     [id=14672, stack(0x00000028f8a00000,0x00000028f8b00000) (1024K)]
  0x0000021e787104c0 WorkerThread "GC Thread#4"                     [id=18792, stack(0x00000028f8b00000,0x00000028f8c00000) (1024K)]
  0x0000021e78710860 WorkerThread "GC Thread#5"                     [id=4264, stack(0x00000028f8c00000,0x00000028f8d00000) (1024K)]
  0x0000021e78710c00 WorkerThread "GC Thread#6"                     [id=15128, stack(0x00000028f8d00000,0x00000028f8e00000) (1024K)]
  0x0000021e783ba8d0 WorkerThread "GC Thread#7"                     [id=3656, stack(0x00000028f8f00000,0x00000028f9000000) (1024K)]
Total: 10

Threads with active compile tasks:
Total: 0

VM state: not at safepoint (normal execution)

VM Mutex/Monitor currently owned by a thread: None

Heap address: 0x0000000080000000, size: 2048 MB, Compressed Oops mode: 32-bit

CDS archive(s) mapped at: [0x0000021e00000000-0x0000021e00ba0000-0x0000021e00ba0000), size 12189696, SharedBaseAddress: 0x0000021e00000000, ArchiveRelocationMode: 1.
Compressed class space mapped at: 0x0000021e01000000-0x0000021e41000000, reserved size: 1073741824
Narrow klass base: 0x0000021e00000000, Narrow klass shift: 0, Narrow klass range: 0x100000000

GC Precious Log:
 CardTable entry size: 512
 CPUs: 8 total, 8 available
 Memory: 16106M
 Large Page Support: Disabled
 NUMA Support: Disabled
 Compressed Oops: Enabled (32-bit)
 Alignments: Space 512K, Generation 512K, Heap 2M
 Heap Min Capacity: 100M
 Heap Initial Capacity: 100M
 Heap Max Capacity: 2G
 Pre-touch: Disabled
 Parallel Workers: 8

Heap:
 PSYoungGen      total 12800K, used 3738K [0x00000000d5580000, 0x00000000d6500000, 0x0000000100000000)
  eden space 12288K, 28% used [0x00000000d5580000,0x00000000d58f6a40,0x00000000d6180000)
  from space 512K, 37% used [0x00000000d6480000,0x00000000d64b0000,0x00000000d6500000)
  to   space 512K, 0% used [0x00000000d6400000,0x00000000d6400000,0x00000000d6480000)
 ParOldGen       total 1372672K, used 1372418K [0x0000000080000000, 0x00000000d3c80000, 0x00000000d5580000)
  object space 1372672K, 99% used [0x0000000080000000,0x00000000d3c40a98,0x00000000d3c80000)
 Metaspace       used 92474K, committed 94336K, reserved 1179648K
  class space    used 9318K, committed 10176K, reserved 1048576K

Card table byte_map: [0x0000021e5b1c0000,0x0000021e5b5d0000] _byte_map_base: 0x0000021e5adc0000

Marking Bits: (ParMarkBitMap*) 0x00007ffbb3052460
 Begin Bits: [0x0000021e6dcd0000, 0x0000021e6fcd0000)
 End Bits:   [0x0000021e6fcd0000, 0x0000021e71cd0000)

Polling page: 0x0000021e597f0000

Metaspace:

Usage:
  Non-class:     81.21 MB used.
      Class:      9.10 MB used.
       Both:     90.31 MB used.

Virtual space:
  Non-class space:      128.00 MB reserved,      82.19 MB ( 64%) committed,  2 nodes.
      Class space:        1.00 GB reserved,       9.94 MB ( <1%) committed,  1 nodes.
             Both:        1.12 GB reserved,      92.12 MB (  8%) committed. 

Chunk freelists:
   Non-Class:  12.95 MB
       Class:  5.92 MB
        Both:  18.88 MB

MaxMetaspaceSize: unlimited
CompressedClassSpaceSize: 1.00 GB
Initial GC threshold: 21.00 MB
Current GC threshold: 151.56 MB
CDS: on
 - commit_granule_bytes: 65536.
 - commit_granule_words: 8192.
 - virtual_space_node_default_size: 8388608.
 - enlarge_chunks_in_place: 1.
 - use_allocation_guard: 0.


Internal statistics:

num_allocs_failed_limit: 11.
num_arena_births: 2102.
num_arena_deaths: 450.
num_vsnodes_births: 3.
num_vsnodes_deaths: 0.
num_space_committed: 1474.
num_space_uncommitted: 0.
num_chunks_returned_to_freelist: 539.
num_chunks_taken_from_freelist: 7156.
num_chunk_merges: 146.
num_chunk_splits: 4126.
num_chunks_enlarged: 2153.
num_inconsistent_stats: 0.

CodeHeap 'non-profiled nmethods': size=120000Kb used=22635Kb max_used=22635Kb free=97364Kb
 bounds [0x0000021e664f0000, 0x0000021e67b10000, 0x0000021e6da20000]
CodeHeap 'profiled nmethods': size=120000Kb used=42106Kb max_used=48688Kb free=77893Kb
 bounds [0x0000021e5ea20000, 0x0000021e619b0000, 0x0000021e65f50000]
CodeHeap 'non-nmethods': size=5760Kb used=1522Kb max_used=1594Kb free=4237Kb
 bounds [0x0000021e65f50000, 0x0000021e661c0000, 0x0000021e664f0000]
CodeCache: size=245760Kb, used=66263Kb, max_used=72917Kb, free=179494Kb
 total_blobs=19302, nmethods=18466, adapters=736, full_count=0
Compilation: enabled, stopped_count=0, restarted_count=0

Compilation events (20 events):
Event: 9213.244 Thread 0x0000021e73b51c10 26305       3       java.net.URI::needsNormalization (184 bytes)
Event: 9213.246 Thread 0x0000021e73b51c10 nmethod 26305 0x0000021e6167c710 code [0x0000021e6167cba0, 0x0000021e6167f378]
Event: 9213.255 Thread 0x0000021e73b51c10 26306   !   3       java.util.concurrent.LinkedBlockingQueue::take (91 bytes)
Event: 9213.257 Thread 0x0000021e73b51c10 nmethod 26306 0x0000021e61457d10 code [0x0000021e614580e0, 0x0000021e61459b30]
Event: 9213.265 Thread 0x0000021e722c8dc0 26307       4       org.eclipse.core.filesystem.provider.FileInfo::exists (7 bytes)
Event: 9213.266 Thread 0x0000021e722c8dc0 nmethod 26307 0x0000021e67b06f90 code [0x0000021e67b07120, 0x0000021e67b071b8]
Event: 9213.389 Thread 0x0000021e73b51c10 26308       1       org.eclipse.lsp4j.FileEvent::getType (5 bytes)
Event: 9213.389 Thread 0x0000021e73b51c10 nmethod 26308 0x0000021e67b07290 code [0x0000021e67b07420, 0x0000021e67b074e8]
Event: 9213.409 Thread 0x0000021e73b51c10 26309       3       org.eclipse.jdt.ls.core.internal.JDTUtils$$Lambda/0x0000021e015a5b60::apply (14 bytes)
Event: 9213.410 Thread 0x0000021e73b51c10 nmethod 26309 0x0000021e5f399f90 code [0x0000021e5f39a1a0, 0x0000021e5f39a8c8]
Event: 9213.411 Thread 0x0000021e722c8dc0 26310       4       org.eclipse.jdt.ls.core.internal.filesystem.JLSFile::getChild (121 bytes)
Event: 9213.413 Thread 0x0000021e73b51c10 26311       3       java.net.URI::normalize (65 bytes)
Event: 9213.414 Thread 0x0000021e73b51c10 nmethod 26311 0x0000021e5f399490 code [0x0000021e5f399700, 0x0000021e5f399d58]
Event: 9213.441 Thread 0x0000021e722c8dc0 nmethod 26310 0x0000021e67b07590 code [0x0000021e67b079e0, 0x0000021e67b09530]
Event: 9213.845 Thread 0x0000021e722c8dc0 26312       4       org.eclipse.core.runtime.Path::hasTrailingSeparator (13 bytes)
Event: 9213.845 Thread 0x0000021e722c8dc0 nmethod 26312 0x0000021e67b0aa10 code [0x0000021e67b0aba0, 0x0000021e67b0ac30]
Event: 9213.857 Thread 0x0000021e73b51c10 26313       3       java.lang.String::toUpperCase (8 bytes)
Event: 9213.858 Thread 0x0000021e73b51c10 nmethod 26313 0x0000021e5f398d90 code [0x0000021e5f398f80, 0x0000021e5f399308]
Event: 9232.749 Thread 0x0000021e73b51c10 26314       3       java.util.logging.LogManager$LoggerContext::requiresDefaultLoggers (29 bytes)
Event: 9232.749 Thread 0x0000021e73b51c10 nmethod 26314 0x0000021e6138f510 code [0x0000021e6138f6c0, 0x0000021e6138f8c8]

GC Heap History (20 events):
Event: 8650.993 GC heap before
{Heap before GC invocations=2957 (full 7):
 PSYoungGen      total 13312K, used 13010K [0x00000000d5580000, 0x00000000d6800000, 0x0000000100000000)
  eden space 12288K, 99% used [0x00000000d5580000,0x00000000d617f628,0x00000000d6180000)
  from space 1024K, 70% used [0x00000000d6700000,0x00000000d67b5200,0x00000000d6800000)
  to   space 2560K, 0% used [0x00000000d6300000,0x00000000d6300000,0x00000000d6580000)
 ParOldGen       total 1366016K, used 1365704K [0x0000000080000000, 0x00000000d3600000, 0x00000000d5580000)
  object space 1366016K, 99% used [0x0000000080000000,0x00000000d35b2158,0x00000000d3600000)
 Metaspace       used 92451K, committed 94336K, reserved 1179648K
  class space    used 9318K, committed 10176K, reserved 1048576K
}
Event: 8650.997 GC heap after
{Heap after GC invocations=2957 (full 7):
 PSYoungGen      total 14848K, used 1508K [0x00000000d5580000, 0x00000000d6780000, 0x0000000100000000)
  eden space 12288K, 0% used [0x00000000d5580000,0x00000000d5580000,0x00000000d6180000)
  from space 2560K, 58% used [0x00000000d6300000,0x00000000d6479210,0x00000000d6580000)
  to   space 2048K, 0% used [0x00000000d6580000,0x00000000d6580000,0x00000000d6780000)
 ParOldGen       total 1366528K, used 1366268K [0x0000000080000000, 0x00000000d3680000, 0x00000000d5580000)
  object space 1366528K, 99% used [0x0000000080000000,0x00000000d363f368,0x00000000d3680000)
 Metaspace       used 92451K, committed 94336K, reserved 1179648K
  class space    used 9318K, committed 10176K, reserved 1048576K
}
Event: 8943.456 GC heap before
{Heap before GC invocations=2958 (full 7):
 PSYoungGen      total 14848K, used 13796K [0x00000000d5580000, 0x00000000d6780000, 0x0000000100000000)
  eden space 12288K, 100% used [0x00000000d5580000,0x00000000d6180000,0x00000000d6180000)
  from space 2560K, 58% used [0x00000000d6300000,0x00000000d6479210,0x00000000d6580000)
  to   space 2048K, 0% used [0x00000000d6580000,0x00000000d6580000,0x00000000d6780000)
 ParOldGen       total 1366528K, used 1366268K [0x0000000080000000, 0x00000000d3680000, 0x00000000d5580000)
  object space 1366528K, 99% used [0x0000000080000000,0x00000000d363f368,0x00000000d3680000)
 Metaspace       used 92461K, committed 94336K, reserved 1179648K
  class space    used 9318K, committed 10176K, reserved 1048576K
}
Event: 8943.460 GC heap after
{Heap after GC invocations=2958 (full 7):
 PSYoungGen      total 13824K, used 1316K [0x00000000d5580000, 0x00000000d6700000, 0x0000000100000000)
  eden space 12288K, 0% used [0x00000000d5580000,0x00000000d5580000,0x00000000d6180000)
  from space 1536K, 85% used [0x00000000d6580000,0x00000000d66c9230,0x00000000d6700000)
  to   space 1536K, 0% used [0x00000000d6400000,0x00000000d6400000,0x00000000d6580000)
 ParOldGen       total 1368064K, used 1367681K [0x0000000080000000, 0x00000000d3800000, 0x00000000d5580000)
  object space 1368064K, 99% used [0x0000000080000000,0x00000000d37a05f8,0x00000000d3800000)
 Metaspace       used 92461K, committed 94336K, reserved 1179648K
  class space    used 9318K, committed 10176K, reserved 1048576K
}
Event: 8943.851 GC heap before
{Heap before GC invocations=2959 (full 7):
 PSYoungGen      total 13824K, used 13604K [0x00000000d5580000, 0x00000000d6700000, 0x0000000100000000)
  eden space 12288K, 100% used [0x00000000d5580000,0x00000000d6180000,0x00000000d6180000)
  from space 1536K, 85% used [0x00000000d6580000,0x00000000d66c9230,0x00000000d6700000)
  to   space 1536K, 0% used [0x00000000d6400000,0x00000000d6400000,0x00000000d6580000)
 ParOldGen       total 1368064K, used 1367681K [0x0000000080000000, 0x00000000d3800000, 0x00000000d5580000)
  object space 1368064K, 99% used [0x0000000080000000,0x00000000d37a05f8,0x00000000d3800000)
 Metaspace       used 92465K, committed 94336K, reserved 1179648K
  class space    used 9318K, committed 10176K, reserved 1048576K
}
Event: 8943.855 GC heap after
{Heap after GC invocations=2959 (full 7):
 PSYoungGen      total 13824K, used 1348K [0x00000000d5580000, 0x00000000d6600000, 0x0000000100000000)
  eden space 12288K, 0% used [0x00000000d5580000,0x00000000d5580000,0x00000000d6180000)
  from space 1536K, 87% used [0x00000000d6400000,0x00000000d6551210,0x00000000d6580000)
  to   space 512K, 0% used [0x00000000d6580000,0x00000000d6580000,0x00000000d6600000)
 ParOldGen       total 1369088K, used 1368871K [0x0000000080000000, 0x00000000d3900000, 0x00000000d5580000)
  object space 1369088K, 99% used [0x0000000080000000,0x00000000d38c9c18,0x00000000d3900000)
 Metaspace       used 92465K, committed 94336K, reserved 1179648K
  class space    used 9318K, committed 10176K, reserved 1048576K
}
Event: 8943.876 GC heap before
{Heap before GC invocations=2960 (full 7):
 PSYoungGen      total 13824K, used 13636K [0x00000000d5580000, 0x00000000d6600000, 0x0000000100000000)
  eden space 12288K, 100% used [0x00000000d5580000,0x00000000d6180000,0x00000000d6180000)
  from space 1536K, 87% used [0x00000000d6400000,0x00000000d6551210,0x00000000d6580000)
  to   space 512K, 0% used [0x00000000d6580000,0x00000000d6580000,0x00000000d6600000)
 ParOldGen       total 1369088K, used 1368871K [0x0000000080000000, 0x00000000d3900000, 0x00000000d5580000)
  object space 1369088K, 99% used [0x0000000080000000,0x00000000d38c9c18,0x00000000d3900000)
 Metaspace       used 92465K, committed 94336K, reserved 1179648K
  class space    used 9318K, committed 10176K, reserved 1048576K
}
Event: 8943.879 GC heap after
{Heap after GC invocations=2960 (full 7):
 PSYoungGen      total 12800K, used 500K [0x00000000d5580000, 0x00000000d6780000, 0x0000000100000000)
  eden space 12288K, 0% used [0x00000000d5580000,0x00000000d5580000,0x00000000d6180000)
  from space 512K, 97% used [0x00000000d6580000,0x00000000d65fd200,0x00000000d6600000)
  to   space 3072K, 0% used [0x00000000d6180000,0x00000000d6180000,0x00000000d6480000)
 ParOldGen       total 1371136K, used 1371123K [0x0000000080000000, 0x00000000d3b00000, 0x00000000d5580000)
  object space 1371136K, 99% used [0x0000000080000000,0x00000000d3afcd78,0x00000000d3b00000)
 Metaspace       used 92465K, committed 94336K, reserved 1179648K
  class space    used 9318K, committed 10176K, reserved 1048576K
}
Event: 8946.600 GC heap before
{Heap before GC invocations=2961 (full 7):
 PSYoungGen      total 12800K, used 12788K [0x00000000d5580000, 0x00000000d6780000, 0x0000000100000000)
  eden space 12288K, 99% used [0x00000000d5580000,0x00000000d617ffd0,0x00000000d6180000)
  from space 512K, 97% used [0x00000000d6580000,0x00000000d65fd200,0x00000000d6600000)
  to   space 3072K, 0% used [0x00000000d6180000,0x00000000d6180000,0x00000000d6480000)
 ParOldGen       total 1371136K, used 1371123K [0x0000000080000000, 0x00000000d3b00000, 0x00000000d5580000)
  object space 1371136K, 99% used [0x0000000080000000,0x00000000d3afcd78,0x00000000d3b00000)
 Metaspace       used 92465K, committed 94336K, reserved 1179648K
  class space    used 9318K, committed 10176K, reserved 1048576K
}
Event: 8946.604 GC heap after
{Heap after GC invocations=2961 (full 7):
 PSYoungGen      total 15360K, used 832K [0x00000000d5580000, 0x00000000d6600000, 0x0000000100000000)
  eden space 12288K, 0% used [0x00000000d5580000,0x00000000d5580000,0x00000000d6180000)
  from space 3072K, 27% used [0x00000000d6180000,0x00000000d6250000,0x00000000d6480000)
  to   space 1536K, 0% used [0x00000000d6480000,0x00000000d6480000,0x00000000d6600000)
 ParOldGen       total 1371648K, used 1371624K [0x0000000080000000, 0x00000000d3b80000, 0x00000000d5580000)
  object space 1371648K, 99% used [0x0000000080000000,0x00000000d3b7a2c8,0x00000000d3b80000)
 Metaspace       used 92465K, committed 94336K, reserved 1179648K
  class space    used 9318K, committed 10176K, reserved 1048576K
}
Event: 8950.767 GC heap before
{Heap before GC invocations=2962 (full 7):
 PSYoungGen      total 15360K, used 13120K [0x00000000d5580000, 0x00000000d6600000, 0x0000000100000000)
  eden space 12288K, 100% used [0x00000000d5580000,0x00000000d6180000,0x00000000d6180000)
  from space 3072K, 27% used [0x00000000d6180000,0x00000000d6250000,0x00000000d6480000)
  to   space 1536K, 0% used [0x00000000d6480000,0x00000000d6480000,0x00000000d6600000)
 ParOldGen       total 1371648K, used 1371624K [0x0000000080000000, 0x00000000d3b80000, 0x00000000d5580000)
  object space 1371648K, 99% used [0x0000000080000000,0x00000000d3b7a2c8,0x00000000d3b80000)
 Metaspace       used 92465K, committed 94336K, reserved 1179648K
  class space    used 9318K, committed 10176K, reserved 1048576K
}
Event: 8950.771 GC heap after
{Heap after GC invocations=2962 (full 7):
 PSYoungGen      total 12800K, used 160K [0x00000000d5580000, 0x00000000d6500000, 0x0000000100000000)
  eden space 12288K, 0% used [0x00000000d5580000,0x00000000d5580000,0x00000000d6180000)
  from space 512K, 31% used [0x00000000d6480000,0x00000000d64a8000,0x00000000d6500000)
  to   space 1024K, 0% used [0x00000000d6300000,0x00000000d6300000,0x00000000d6400000)
 ParOldGen       total 1372672K, used 1372338K [0x0000000080000000, 0x00000000d3c80000, 0x00000000d5580000)
  object space 1372672K, 99% used [0x0000000080000000,0x00000000d3c2ca98,0x00000000d3c80000)
 Metaspace       used 92465K, committed 94336K, reserved 1179648K
  class space    used 9318K, committed 10176K, reserved 1048576K
}
Event: 8954.677 GC heap before
{Heap before GC invocations=2963 (full 7):
 PSYoungGen      total 12800K, used 12448K [0x00000000d5580000, 0x00000000d6500000, 0x0000000100000000)
  eden space 12288K, 100% used [0x00000000d5580000,0x00000000d6180000,0x00000000d6180000)
  from space 512K, 31% used [0x00000000d6480000,0x00000000d64a8000,0x00000000d6500000)
  to   space 1024K, 0% used [0x00000000d6300000,0x00000000d6300000,0x00000000d6400000)
 ParOldGen       total 1372672K, used 1372338K [0x0000000080000000, 0x00000000d3c80000, 0x00000000d5580000)
  object space 1372672K, 99% used [0x0000000080000000,0x00000000d3c2ca98,0x00000000d3c80000)
 Metaspace       used 92465K, committed 94336K, reserved 1179648K
  class space    used 9318K, committed 10176K, reserved 1048576K
}
Event: 8954.679 GC heap after
{Heap after GC invocations=2963 (full 7):
 PSYoungGen      total 13312K, used 160K [0x00000000d5580000, 0x00000000d6500000, 0x0000000100000000)
  eden space 12288K, 0% used [0x00000000d5580000,0x00000000d5580000,0x00000000d6180000)
  from space 1024K, 15% used [0x00000000d6300000,0x00000000d6328000,0x00000000d6400000)
  to   space 512K, 0% used [0x00000000d6480000,0x00000000d6480000,0x00000000d6500000)
 ParOldGen       total 1372672K, used 1372346K [0x0000000080000000, 0x00000000d3c80000, 0x00000000d5580000)
  object space 1372672K, 99% used [0x0000000080000000,0x00000000d3c2ea98,0x00000000d3c80000)
 Metaspace       used 92465K, committed 94336K, reserved 1179648K
  class space    used 9318K, committed 10176K, reserved 1048576K
}
Event: 8958.499 GC heap before
{Heap before GC invocations=2964 (full 7):
 PSYoungGen      total 13312K, used 12447K [0x00000000d5580000, 0x00000000d6500000, 0x0000000100000000)
  eden space 12288K, 99% used [0x00000000d5580000,0x00000000d617fff8,0x00000000d6180000)
  from space 1024K, 15% used [0x00000000d6300000,0x00000000d6328000,0x00000000d6400000)
  to   space 512K, 0% used [0x00000000d6480000,0x00000000d6480000,0x00000000d6500000)
 ParOldGen       total 1372672K, used 1372346K [0x0000000080000000, 0x00000000d3c80000, 0x00000000d5580000)
  object space 1372672K, 99% used [0x0000000080000000,0x00000000d3c2ea98,0x00000000d3c80000)
 Metaspace       used 92465K, committed 94336K, reserved 1179648K
  class space    used 9318K, committed 10176K, reserved 1048576K
}
Event: 8958.500 GC heap after
{Heap after GC invocations=2964 (full 7):
 PSYoungGen      total 12800K, used 256K [0x00000000d5580000, 0x00000000d6500000, 0x0000000100000000)
  eden space 12288K, 0% used [0x00000000d5580000,0x00000000d5580000,0x00000000d6180000)
  from space 512K, 50% used [0x00000000d6480000,0x00000000d64c0000,0x00000000d6500000)
  to   space 512K, 0% used [0x00000000d6400000,0x00000000d6400000,0x00000000d6480000)
 ParOldGen       total 1372672K, used 1372346K [0x0000000080000000, 0x00000000d3c80000, 0x00000000d5580000)
  object space 1372672K, 99% used [0x0000000080000000,0x00000000d3c2ea98,0x00000000d3c80000)
 Metaspace       used 92465K, committed 94336K, reserved 1179648K
  class space    used 9318K, committed 10176K, reserved 1048576K
}
Event: 9018.297 GC heap before
{Heap before GC invocations=2965 (full 7):
 PSYoungGen      total 12800K, used 12544K [0x00000000d5580000, 0x00000000d6500000, 0x0000000100000000)
  eden space 12288K, 100% used [0x00000000d5580000,0x00000000d6180000,0x00000000d6180000)
  from space 512K, 50% used [0x00000000d6480000,0x00000000d64c0000,0x00000000d6500000)
  to   space 512K, 0% used [0x00000000d6400000,0x00000000d6400000,0x00000000d6480000)
 ParOldGen       total 1372672K, used 1372346K [0x0000000080000000, 0x00000000d3c80000, 0x00000000d5580000)
  object space 1372672K, 99% used [0x0000000080000000,0x00000000d3c2ea98,0x00000000d3c80000)
 Metaspace       used 92469K, committed 94336K, reserved 1179648K
  class space    used 9318K, committed 10176K, reserved 1048576K
}
Event: 9018.299 GC heap after
{Heap after GC invocations=2965 (full 7):
 PSYoungGen      total 12800K, used 224K [0x00000000d5580000, 0x00000000d6500000, 0x0000000100000000)
  eden space 12288K, 0% used [0x00000000d5580000,0x00000000d5580000,0x00000000d6180000)
  from space 512K, 43% used [0x00000000d6400000,0x00000000d6438000,0x00000000d6480000)
  to   space 512K, 0% used [0x00000000d6480000,0x00000000d6480000,0x00000000d6500000)
 ParOldGen       total 1372672K, used 1372370K [0x0000000080000000, 0x00000000d3c80000, 0x00000000d5580000)
  object space 1372672K, 99% used [0x0000000080000000,0x00000000d3c34a98,0x00000000d3c80000)
 Metaspace       used 92469K, committed 94336K, reserved 1179648K
  class space    used 9318K, committed 10176K, reserved 1048576K
}
Event: 9213.625 GC heap before
{Heap before GC invocations=2966 (full 7):
 PSYoungGen      total 12800K, used 12511K [0x00000000d5580000, 0x00000000d6500000, 0x0000000100000000)
  eden space 12288K, 99% used [0x00000000d5580000,0x00000000d617ffb0,0x00000000d6180000)
  from space 512K, 43% used [0x00000000d6400000,0x00000000d6438000,0x00000000d6480000)
  to   space 512K, 0% used [0x00000000d6480000,0x00000000d6480000,0x00000000d6500000)
 ParOldGen       total 1372672K, used 1372370K [0x0000000080000000, 0x00000000d3c80000, 0x00000000d5580000)
  object space 1372672K, 99% used [0x0000000080000000,0x00000000d3c34a98,0x00000000d3c80000)
 Metaspace       used 92474K, committed 94336K, reserved 1179648K
  class space    used 9318K, committed 10176K, reserved 1048576K
}
Event: 9213.628 GC heap after
{Heap after GC invocations=2966 (full 7):
 PSYoungGen      total 12800K, used 192K [0x00000000d5580000, 0x00000000d6500000, 0x0000000100000000)
  eden space 12288K, 0% used [0x00000000d5580000,0x00000000d5580000,0x00000000d6180000)
  from space 512K, 37% used [0x00000000d6480000,0x00000000d64b0000,0x00000000d6500000)
  to   space 512K, 0% used [0x00000000d6400000,0x00000000d6400000,0x00000000d6480000)
 ParOldGen       total 1372672K, used 1372418K [0x0000000080000000, 0x00000000d3c80000, 0x00000000d5580000)
  object space 1372672K, 99% used [0x0000000080000000,0x00000000d3c40a98,0x00000000d3c80000)
 Metaspace       used 92474K, committed 94336K, reserved 1179648K
  class space    used 9318K, committed 10176K, reserved 1048576K
}

Dll operation events (12 events):
Event: 0.009 Loaded shared library c:\Users\KRISHNANSOURAV\.vscode\extensions\redhat.java-1.51.0-win32-x64\jre\21.0.9-win32-x86_64\bin\java.dll
Event: 0.071 Loaded shared library c:\Users\KRISHNANSOURAV\.vscode\extensions\redhat.java-1.51.0-win32-x64\jre\21.0.9-win32-x86_64\bin\zip.dll
Event: 0.094 Loaded shared library C:\Users\KRISHNANSOURAV\.vscode\extensions\redhat.java-1.51.0-win32-x64\jre\21.0.9-win32-x86_64\bin\instrument.dll
Event: 0.099 Loaded shared library C:\Users\KRISHNANSOURAV\.vscode\extensions\redhat.java-1.51.0-win32-x64\jre\21.0.9-win32-x86_64\bin\net.dll
Event: 0.100 Loaded shared library C:\Users\KRISHNANSOURAV\.vscode\extensions\redhat.java-1.51.0-win32-x64\jre\21.0.9-win32-x86_64\bin\nio.dll
Event: 0.103 Loaded shared library C:\Users\KRISHNANSOURAV\.vscode\extensions\redhat.java-1.51.0-win32-x64\jre\21.0.9-win32-x86_64\bin\zip.dll
Event: 0.118 Loaded shared library C:\Users\KRISHNANSOURAV\.vscode\extensions\redhat.java-1.51.0-win32-x64\jre\21.0.9-win32-x86_64\bin\jimage.dll
Event: 0.195 Loaded shared library c:\Users\KRISHNANSOURAV\.vscode\extensions\redhat.java-1.51.0-win32-x64\jre\21.0.9-win32-x86_64\bin\verify.dll
Event: 1.312 Loaded shared library C:\Users\KRISHNANSOURAV\AppData\Roaming\Code\User\globalStorage\redhat.java\1.51.0\config_win\org.eclipse.equinox.launcher\org.eclipse.equinox.launcher.win32.win32.x86_64_1.2.1400.v20250801-0854\eclipse_11916.dll
Event: 2.724 Loaded shared library D:\Temp\jna--71846670\jna6398108057004206117.dll
Event: 12.061 Loaded shared library C:\Users\KRISHNANSOURAV\.vscode\extensions\redhat.java-1.51.0-win32-x64\jre\21.0.9-win32-x86_64\bin\sunmscapi.dll
Event: 16.331 Loaded shared library C:\Users\KRISHNANSOURAV\.vscode\extensions\redhat.java-1.51.0-win32-x64\jre\21.0.9-win32-x86_64\bin\extnet.dll

Deoptimization events (20 events):
Event: 8694.906 Thread 0x0000021e7a745d10 Uncommon trap: trap_request=0xfffffff4 fr.pc=0x0000021e6693c4b4 relative=0x0000000000001034
Event: 8694.906 Thread 0x0000021e7a745d10 Uncommon trap: reason=null_check action=make_not_entrant pc=0x0000021e6693c4b4 method=org.eclipse.jdt.internal.compiler.util.CharDeduplication.getThreadLocalInstance()Lorg/eclipse/jdt/internal/compiler/util/CharDeduplication; @ 12 c2
Event: 8694.906 Thread 0x0000021e7a745d10 DEOPT PACKING pc=0x0000021e6693c4b4 sp=0x00000028fb0fef00
Event: 8694.906 Thread 0x0000021e7a745d10 DEOPT UNPACKING pc=0x0000021e65fa6da2 sp=0x00000028fb0fedd8 mode 2
Event: 9213.234 Thread 0x0000021e7c650600 Uncommon trap: trap_request=0xffffff45 fr.pc=0x0000021e668d4e10 relative=0x0000000000000410
Event: 9213.234 Thread 0x0000021e7c650600 Uncommon trap: reason=unstable_if action=reinterpret pc=0x0000021e668d4e10 method=java.net.URI.needsNormalization(Ljava/lang/String;)I @ 149 c2
Event: 9213.234 Thread 0x0000021e7c650600 DEOPT PACKING pc=0x0000021e668d4e10 sp=0x00000028fa7fe950
Event: 9213.234 Thread 0x0000021e7c650600 DEOPT UNPACKING pc=0x0000021e65fa6da2 sp=0x00000028fa7fe860 mode 2
Event: 9213.237 Thread 0x0000021e7c650600 Uncommon trap: trap_request=0xffffff45 fr.pc=0x0000021e665b14c4 relative=0x00000000000003c4
Event: 9213.237 Thread 0x0000021e7c650600 Uncommon trap: reason=unstable_if action=reinterpret pc=0x0000021e665b14c4 method=java.net.URI.needsNormalization(Ljava/lang/String;)I @ 149 c2
Event: 9213.237 Thread 0x0000021e7c650600 DEOPT PACKING pc=0x0000021e665b14c4 sp=0x00000028fa7fe780
Event: 9213.237 Thread 0x0000021e7c650600 DEOPT UNPACKING pc=0x0000021e65fa6da2 sp=0x00000028fa7fe708 mode 2
Event: 9213.425 Thread 0x0000021e7c650600 DEOPT PACKING pc=0x0000021e6167f141 sp=0x00000028fa7fe860
Event: 9213.425 Thread 0x0000021e7c650600 DEOPT UNPACKING pc=0x0000021e65fa78e2 sp=0x00000028fa7fdd40 mode 0
Event: 9213.619 Thread 0x0000021e7c650600 DEOPT PACKING pc=0x0000021e6167f141 sp=0x00000028fa7fe780
Event: 9213.619 Thread 0x0000021e7c650600 DEOPT UNPACKING pc=0x0000021e65fa78e2 sp=0x00000028fa7fdc60 mode 0
Event: 9213.742 Thread 0x0000021e7c650600 DEOPT PACKING pc=0x0000021e6167f141 sp=0x00000028fa7fe780
Event: 9213.742 Thread 0x0000021e7c650600 DEOPT UNPACKING pc=0x0000021e65fa78e2 sp=0x00000028fa7fdc60 mode 0
Event: 9213.809 Thread 0x0000021e7c650600 DEOPT PACKING pc=0x0000021e6167f141 sp=0x00000028fa7fe860
Event: 9213.810 Thread 0x0000021e7c650600 DEOPT UNPACKING pc=0x0000021e65fa78e2 sp=0x00000028fa7fdd40 mode 0

Classes loaded (20 events):
Event: 8620.438 Loading class jdk/internal/module/IllegalAccessLogger
Event: 8620.438 Loading class jdk/internal/module/IllegalAccessLogger done
Event: 8624.472 Loading class jdk/internal/module/IllegalAccessLogger
Event: 8624.472 Loading class jdk/internal/module/IllegalAccessLogger done
Event: 8631.137 Loading class jdk/internal/module/IllegalAccessLogger
Event: 8631.137 Loading class jdk/internal/module/IllegalAccessLogger done
Event: 8635.055 Loading class jdk/internal/module/IllegalAccessLogger
Event: 8635.055 Loading class jdk/internal/module/IllegalAccessLogger done
Event: 8637.116 Loading class jdk/internal/module/IllegalAccessLogger
Event: 8637.116 Loading class jdk/internal/module/IllegalAccessLogger done
Event: 8641.098 Loading class jdk/internal/module/IllegalAccessLogger
Event: 8641.098 Loading class jdk/internal/module/IllegalAccessLogger done
Event: 8644.924 Loading class jdk/internal/module/IllegalAccessLogger
Event: 8644.924 Loading class jdk/internal/module/IllegalAccessLogger done
Event: 8647.515 Loading class jdk/internal/module/IllegalAccessLogger
Event: 8647.515 Loading class jdk/internal/module/IllegalAccessLogger done
Event: 8648.727 Loading class jdk/internal/module/IllegalAccessLogger
Event: 8648.727 Loading class jdk/internal/module/IllegalAccessLogger done
Event: 8650.417 Loading class jdk/internal/module/IllegalAccessLogger
Event: 8650.417 Loading class jdk/internal/module/IllegalAccessLogger done

Classes unloaded (20 events):
Event: 7797.390 Thread 0x0000021e5b8dd300 Unloading class 0x0000021e01014800 'java/lang/invoke/LambdaForm$MH+0x0000021e01014800'
Event: 7797.390 Thread 0x0000021e5b8dd300 Unloading class 0x0000021e0100d800 'java/lang/invoke/LambdaForm$MH+0x0000021e0100d800'
Event: 7797.390 Thread 0x0000021e5b8dd300 Unloading class 0x0000021e0100d400 'java/lang/invoke/LambdaForm$MH+0x0000021e0100d400'
Event: 7797.390 Thread 0x0000021e5b8dd300 Unloading class 0x0000021e0100d000 'java/lang/invoke/LambdaForm$MH+0x0000021e0100d000'
Event: 7797.390 Thread 0x0000021e5b8dd300 Unloading class 0x0000021e0100cc00 'java/lang/invoke/LambdaForm$MH+0x0000021e0100cc00'
Event: 7797.390 Thread 0x0000021e5b8dd300 Unloading class 0x0000021e0100c800 'java/lang/invoke/LambdaForm$BMH+0x0000021e0100c800'
Event: 7797.390 Thread 0x0000021e5b8dd300 Unloading class 0x0000021e0100c000 'java/lang/invoke/LambdaForm$DMH+0x0000021e0100c000'
Event: 7797.390 Thread 0x0000021e5b8dd300 Unloading class 0x0000021e01008c00 'java/lang/invoke/LambdaForm$MH+0x0000021e01008c00'
Event: 7797.390 Thread 0x0000021e5b8dd300 Unloading class 0x0000021e01008800 'java/lang/invoke/LambdaForm$MH+0x0000021e01008800'
Event: 7797.390 Thread 0x0000021e5b8dd300 Unloading class 0x0000021e01008400 'java/lang/invoke/LambdaForm$MH+0x0000021e01008400'
Event: 7797.390 Thread 0x0000021e5b8dd300 Unloading class 0x0000021e01007000 'java/lang/invoke/LambdaForm$MH+0x0000021e01007000'
Event: 7797.390 Thread 0x0000021e5b8dd300 Unloading class 0x0000021e01006800 'java/lang/invoke/LambdaForm$MH+0x0000021e01006800'
Event: 7797.390 Thread 0x0000021e5b8dd300 Unloading class 0x0000021e01006400 'java/lang/invoke/LambdaForm$MH+0x0000021e01006400'
Event: 7797.390 Thread 0x0000021e5b8dd300 Unloading class 0x0000021e01006000 'java/lang/invoke/LambdaForm$MH+0x0000021e01006000'
Event: 7797.390 Thread 0x0000021e5b8dd300 Unloading class 0x0000021e01005c00 'java/lang/invoke/LambdaForm$BMH+0x0000021e01005c00'
Event: 7797.390 Thread 0x0000021e5b8dd300 Unloading class 0x0000021e01004800 'java/lang/invoke/LambdaForm$DMH+0x0000021e01004800'
Event: 7797.390 Thread 0x0000021e5b8dd300 Unloading class 0x0000021e01002400 'java/lang/invoke/LambdaForm$MH+0x0000021e01002400'
Event: 7797.390 Thread 0x0000021e5b8dd300 Unloading class 0x0000021e01002000 'java/lang/invoke/LambdaForm$MH+0x0000021e01002000'
Event: 7797.390 Thread 0x0000021e5b8dd300 Unloading class 0x0000021e01001800 'java/lang/invoke/LambdaForm$MH+0x0000021e01001800'
Event: 7797.390 Thread 0x0000021e5b8dd300 Unloading class 0x0000021e01000400 'java/lang/invoke/LambdaForm$MH+0x0000021e01000400'

Classes redefined (0 events):
No events

Internal exceptions (20 events):
Event: 8635.840 Thread 0x0000021e7c651320 Implicit null exception at 0x0000021e6757482f to 0x0000021e67576be8
Event: 8635.843 Thread 0x0000021e7c651320 Implicit null exception at 0x0000021e67441603 to 0x0000021e6744167c
Event: 8637.004 Thread 0x0000021e791008b0 Exception <a 'sun/nio/fs/WindowsException'{0x00000000d5693740}> (0x00000000d5693740) 
thrown [s\src\hotspot\share\prims\jni.cpp, line 520]
Event: 8637.155 Thread 0x0000021e7bbdf340 Implicit null exception at 0x0000021e6748733d to 0x0000021e6748804c
Event: 8637.194 Thread 0x0000021e791008b0 Exception <a 'sun/nio/fs/WindowsException'{0x00000000d5614e78}> (0x00000000d5614e78) 
thrown [s\src\hotspot\share\prims\jni.cpp, line 520]
Event: 8638.826 Thread 0x0000021e7c651320 Exception <a 'java/lang/ArrayIndexOutOfBoundsException'{0x00000000d572ad50}> (0x00000000d572ad50) 
thrown [s\src\hotspot\share\runtime\sharedRuntime.cpp, line 625]
Event: 8640.928 Thread 0x0000021e791008b0 Exception <a 'sun/nio/fs/WindowsException'{0x00000000d5927178}> (0x00000000d5927178) 
thrown [s\src\hotspot\share\prims\jni.cpp, line 520]
Event: 8641.192 Thread 0x0000021e791008b0 Exception <a 'sun/nio/fs/WindowsException'{0x00000000d55fb858}> (0x00000000d55fb858) 
thrown [s\src\hotspot\share\prims\jni.cpp, line 520]
Event: 8642.761 Thread 0x0000021e7c651320 Exception <a 'java/lang/ArrayIndexOutOfBoundsException'{0x00000000d580d6d8}> (0x00000000d580d6d8) 
thrown [s\src\hotspot\share\runtime\sharedRuntime.cpp, line 625]
Event: 8644.795 Thread 0x0000021e791008b0 Exception <a 'sun/nio/fs/WindowsException'{0x00000000d5bc9548}> (0x00000000d5bc9548) 
thrown [s\src\hotspot\share\prims\jni.cpp, line 520]
Event: 8644.984 Thread 0x0000021e791008b0 Exception <a 'sun/nio/fs/WindowsException'{0x00000000d5638188}> (0x00000000d5638188) 
thrown [s\src\hotspot\share\prims\jni.cpp, line 520]
Event: 8647.345 Thread 0x0000021e791008b0 Exception <a 'sun/nio/fs/WindowsException'{0x00000000d5a7cf90}> (0x00000000d5a7cf90) 
thrown [s\src\hotspot\share\prims\jni.cpp, line 520]
Event: 8647.518 Thread 0x0000021e791008b0 Exception <a 'sun/nio/fs/WindowsException'{0x00000000d56673c0}> (0x00000000d56673c0) 
thrown [s\src\hotspot\share\prims\jni.cpp, line 520]
Event: 8650.294 Thread 0x0000021e791008b0 Exception <a 'sun/nio/fs/WindowsException'{0x00000000d5ab1bb0}> (0x00000000d5ab1bb0) 
thrown [s\src\hotspot\share\prims\jni.cpp, line 520]
Event: 8650.476 Thread 0x0000021e791008b0 Exception <a 'sun/nio/fs/WindowsException'{0x00000000d566d528}> (0x00000000d566d528) 
thrown [s\src\hotspot\share\prims\jni.cpp, line 520]
Event: 8694.906 Thread 0x0000021e7a745d10 Implicit null exception at 0x0000021e6693bb84 to 0x0000021e6693c4a4
Event: 8694.921 Thread 0x0000021e7bbe1410 Exception <a 'sun/nio/fs/WindowsException'{0x00000000d5742f98}> (0x00000000d5742f98) 
thrown [s\src\hotspot\share\prims\jni.cpp, line 520]
Event: 8694.921 Thread 0x0000021e7bbe1410 Exception <a 'sun/nio/fs/WindowsException'{0x00000000d5743568}> (0x00000000d5743568) 
thrown [s\src\hotspot\share\prims\jni.cpp, line 520]
Event: 8924.346 Thread 0x0000021e7bbdecb0 Exception <a 'sun/nio/fs/WindowsException'{0x00000000d57c1688}> (0x00000000d57c1688) 
thrown [s\src\hotspot\share\prims\jni.cpp, line 520]
Event: 8924.346 Thread 0x0000021e7bbdecb0 Exception <a 'sun/nio/fs/WindowsException'{0x00000000d57c2030}> (0x00000000d57c2030) 
thrown [s\src\hotspot\share\prims\jni.cpp, line 520]

ZGC Phase Switch (0 events):
No events

VM Operations (20 events):
Event: 8944.894 Executing VM operation: Cleanup
Event: 8944.894 Executing VM operation: Cleanup done
Event: 8946.600 Executing VM operation: ParallelGCFailedAllocation (Allocation Failure)
Event: 8946.604 Executing VM operation: ParallelGCFailedAllocation (Allocation Failure) done
Event: 8950.766 Executing VM operation: ParallelGCFailedAllocation (Allocation Failure)
Event: 8950.771 Executing VM operation: ParallelGCFailedAllocation (Allocation Failure) done
Event: 8954.677 Executing VM operation: ParallelGCFailedAllocation (Allocation Failure)
Event: 8954.679 Executing VM operation: ParallelGCFailedAllocation (Allocation Failure) done
Event: 8958.499 Executing VM operation: ParallelGCFailedAllocation (Allocation Failure)
Event: 8958.501 Executing VM operation: ParallelGCFailedAllocation (Allocation Failure) done
Event: 8959.510 Executing VM operation: Cleanup
Event: 8959.510 Executing VM operation: Cleanup done
Event: 9011.018 Executing VM operation: Cleanup
Event: 9011.018 Executing VM operation: Cleanup done
Event: 9013.029 Executing VM operation: Cleanup
Event: 9013.029 Executing VM operation: Cleanup done
Event: 9018.297 Executing VM operation: ParallelGCFailedAllocation (Allocation Failure)
Event: 9018.300 Executing VM operation: ParallelGCFailedAllocation (Allocation Failure) done
Event: 9213.625 Executing VM operation: ParallelGCFailedAllocation (Allocation Failure)
Event: 9213.628 Executing VM operation: ParallelGCFailedAllocation (Allocation Failure) done

Memory protections (0 events):
No events

Nmethod flushes (20 events):
Event: 8497.628 Thread 0x0000021e5b8dd300 flushing  nmethod 0x0000021e61625010
Event: 8497.628 Thread 0x0000021e5b8dd300 flushing  nmethod 0x0000021e6167c710
Event: 8497.628 Thread 0x0000021e5b8dd300 flushing  nmethod 0x0000021e6169b790
Event: 8497.628 Thread 0x0000021e5b8dd300 flushing  nmethod 0x0000021e616b3f10
Event: 8497.628 Thread 0x0000021e5b8dd300 flushing  nmethod 0x0000021e616dd610
Event: 8497.628 Thread 0x0000021e5b8dd300 flushing  nmethod 0x0000021e616e7490
Event: 8497.628 Thread 0x0000021e5b8dd300 flushing  nmethod 0x0000021e6176a190
Event: 8497.628 Thread 0x0000021e5b8dd300 flushing  nmethod 0x0000021e617c2a10
Event: 8497.628 Thread 0x0000021e5b8dd300 flushing  nmethod 0x0000021e61811b90
Event: 8497.628 Thread 0x0000021e5b8dd300 flushing  nmethod 0x0000021e6181c010
Event: 8497.628 Thread 0x0000021e5b8dd300 flushing  nmethod 0x0000021e61843990
Event: 8497.628 Thread 0x0000021e5b8dd300 flushing  nmethod 0x0000021e61894d90
Event: 8497.628 Thread 0x0000021e5b8dd300 flushing  nmethod 0x0000021e618b7090
Event: 8497.628 Thread 0x0000021e5b8dd300 flushing  nmethod 0x0000021e61900690
Event: 8497.628 Thread 0x0000021e5b8dd300 flushing  nmethod 0x0000021e61905790
Event: 8497.628 Thread 0x0000021e5b8dd300 flushing  nmethod 0x0000021e61921a10
Event: 8497.628 Thread 0x0000021e5b8dd300 flushing  nmethod 0x0000021e6194e890
Event: 8497.628 Thread 0x0000021e5b8dd300 flushing  nmethod 0x0000021e61952f10
Event: 8497.628 Thread 0x0000021e5b8dd300 flushing  nmethod 0x0000021e61974390
Event: 8497.628 Thread 0x0000021e5b8dd300 flushing  nmethod 0x0000021e6198e090

Events (20 events):
Event: 8710.948 Thread 0x0000021e7bbe3b70 Thread exited: 0x0000021e7bbe3b70
Event: 8710.948 Thread 0x0000021e7bbe34e0 Thread exited: 0x0000021e7bbe34e0
Event: 8711.011 Thread 0x0000021e7bbdf340 Thread exited: 0x0000021e7bbdf340
Event: 8754.904 Thread 0x0000021e7bf078a0 Thread exited: 0x0000021e7bf078a0
Event: 8814.911 Thread 0x0000021e7bf06b80 Thread exited: 0x0000021e7bf06b80
Event: 8874.912 Thread 0x0000021e7bf28aa0 Thread exited: 0x0000021e7bf28aa0
Event: 8924.347 Thread 0x0000021e7bbdecb0 Thread added: 0x0000021e7bbe4f20
Event: 8924.348 Thread 0x0000021e7bbe4f20 Thread exited: 0x0000021e7bbe4f20
Event: 8924.357 Thread 0x0000021e7bbdecb0 Thread added: 0x0000021e7bbe0d80
Event: 8924.358 Thread 0x0000021e7bbe0d80 Thread exited: 0x0000021e7bbe0d80
Event: 8934.918 Thread 0x0000021e7bf01cc0 Thread exited: 0x0000021e7bf01cc0
Event: 8937.109 Thread 0x0000021e7bf04ab0 Thread exited: 0x0000021e7bf04ab0
Event: 8941.070 Thread 0x0000021e7bf05140 Thread exited: 0x0000021e7bf05140
Event: 8944.894 Thread 0x0000021e7c6526d0 Thread exited: 0x0000021e7c6526d0
Event: 8947.501 Thread 0x0000021e7c6561e0 Thread exited: 0x0000021e7c6561e0
Event: 8948.714 Thread 0x0000021e79100f40 Thread exited: 0x0000021e79100f40
Event: 8950.401 Thread 0x0000021e79101c60 Thread exited: 0x0000021e79101c60
Event: 9083.538 Thread 0x0000021e7bf03d90 Thread exited: 0x0000021e7bf03d90
Event: 9143.545 Thread 0x0000021e7bf057d0 Thread exited: 0x0000021e7bf057d0
Event: 9253.382 Thread 0x0000021e7bf29130 Thread exited: 0x0000021e7bf29130


Dynamic libraries:
0x00007ff63e6d0000 - 0x00007ff63e6de000 	c:\Users\KRISHNANSOURAV\.vscode\extensions\redhat.java-1.51.0-win32-x64\jre\21.0.9-win32-x86_64\bin\java.exe
0x00007ffc08870000 - 0x00007ffc08a87000 	C:\WINDOWS\SYSTEM32\ntdll.dll
0x00007ffc071c0000 - 0x00007ffc07284000 	C:\WINDOWS\System32\KERNEL32.DLL
0x00007ffc05fb0000 - 0x00007ffc06382000 	C:\WINDOWS\System32\KERNELBASE.dll
0x00007ffc05b70000 - 0x00007ffc05c81000 	C:\WINDOWS\System32\ucrtbase.dll
0x00007ffbdca80000 - 0x00007ffbdca98000 	c:\Users\KRISHNANSOURAV\.vscode\extensions\redhat.java-1.51.0-win32-x64\jre\21.0.9-win32-x86_64\bin\jli.dll
0x00007ffbd3d70000 - 0x00007ffbd3d8e000 	c:\Users\KRISHNANSOURAV\.vscode\extensions\redhat.java-1.51.0-win32-x64\jre\21.0.9-win32-x86_64\bin\VCRUNTIME140.dll
0x00007ffc07690000 - 0x00007ffc07841000 	C:\WINDOWS\System32\USER32.dll
0x00007ffc06450000 - 0x00007ffc06476000 	C:\WINDOWS\System32\win32u.dll
0x00007ffbecc60000 - 0x00007ffbecefb000 	C:\WINDOWS\WinSxS\amd64_microsoft.windows.common-controls_6595b64144ccf1df_6.0.22621.5547_none_27104afb73855772\COMCTL32.dll
0x00007ffc08600000 - 0x00007ffc08629000 	C:\WINDOWS\System32\GDI32.dll
0x00007ffc08780000 - 0x00007ffc08827000 	C:\WINDOWS\System32\msvcrt.dll
0x00007ffc05d10000 - 0x00007ffc05e33000 	C:\WINDOWS\System32\gdi32full.dll
0x00007ffc05960000 - 0x00007ffc059fa000 	C:\WINDOWS\System32\msvcp_win.dll
0x00007ffc08630000 - 0x00007ffc08661000 	C:\WINDOWS\System32\IMM32.DLL
0x00007ffbdeae0000 - 0x00007ffbdeaec000 	c:\Users\KRISHNANSOURAV\.vscode\extensions\redhat.java-1.51.0-win32-x64\jre\21.0.9-win32-x86_64\bin\vcruntime140_1.dll
0x00007ffbb94b0000 - 0x00007ffbb953d000 	c:\Users\KRISHNANSOURAV\.vscode\extensions\redhat.java-1.51.0-win32-x64\jre\21.0.9-win32-x86_64\bin\msvcp140.dll
0x00007ffbb2390000 - 0x00007ffbb3130000 	c:\Users\KRISHNANSOURAV\.vscode\extensions\redhat.java-1.51.0-win32-x64\jre\21.0.9-win32-x86_64\bin\server\jvm.dll
0x00007ffc06a10000 - 0x00007ffc06ac1000 	C:\WINDOWS\System32\ADVAPI32.dll
0x00007ffc066a0000 - 0x00007ffc06748000 	C:\WINDOWS\System32\sechost.dll
0x00007ffc05e40000 - 0x00007ffc05e68000 	C:\WINDOWS\System32\bcrypt.dll
0x00007ffc07570000 - 0x00007ffc07684000 	C:\WINDOWS\System32\RPCRT4.dll
0x00007ffc07460000 - 0x00007ffc074d1000 	C:\WINDOWS\System32\WS2_32.dll
0x00007ffc047e0000 - 0x00007ffc0482d000 	C:\WINDOWS\SYSTEM32\POWRPROF.dll
0x00007ffc03400000 - 0x00007ffc03434000 	C:\WINDOWS\SYSTEM32\WINMM.dll
0x00007ffbfd4c0000 - 0x00007ffbfd4ca000 	C:\WINDOWS\SYSTEM32\VERSION.dll
0x00007ffc047c0000 - 0x00007ffc047d3000 	C:\WINDOWS\SYSTEM32\UMPDC.dll
0x00007ffc04a80000 - 0x00007ffc04a98000 	C:\WINDOWS\SYSTEM32\kernel.appcore.dll
0x00007ffbdd760000 - 0x00007ffbdd76a000 	c:\Users\KRISHNANSOURAV\.vscode\extensions\redhat.java-1.51.0-win32-x64\jre\21.0.9-win32-x86_64\bin\jimage.dll
0x00007ffc03040000 - 0x00007ffc03273000 	C:\WINDOWS\SYSTEM32\DBGHELP.DLL
0x00007ffc06ad0000 - 0x00007ffc06e63000 	C:\WINDOWS\System32\combase.dll
0x00007ffc06f30000 - 0x00007ffc07007000 	C:\WINDOWS\System32\OLEAUT32.dll
0x00007ffc033c0000 - 0x00007ffc033f2000 	C:\WINDOWS\SYSTEM32\dbgcore.DLL
0x00007ffc05c90000 - 0x00007ffc05d0b000 	C:\WINDOWS\System32\bcryptPrimitives.dll
0x00007ffbdd500000 - 0x00007ffbdd50f000 	c:\Users\KRISHNANSOURAV\.vscode\extensions\redhat.java-1.51.0-win32-x64\jre\21.0.9-win32-x86_64\bin\instrument.dll
0x00007ffbb9440000 - 0x00007ffbb9460000 	c:\Users\KRISHNANSOURAV\.vscode\extensions\redhat.java-1.51.0-win32-x64\jre\21.0.9-win32-x86_64\bin\java.dll
0x00007ffc07d40000 - 0x00007ffc085e2000 	C:\WINDOWS\System32\SHELL32.dll
0x00007ffc05e70000 - 0x00007ffc05faf000 	C:\WINDOWS\System32\wintypes.dll
0x00007ffc03850000 - 0x00007ffc0416d000 	C:\WINDOWS\SYSTEM32\windows.storage.dll
0x00007ffc07350000 - 0x00007ffc0745c000 	C:\WINDOWS\System32\SHCORE.dll
0x00007ffc072e0000 - 0x00007ffc07349000 	C:\WINDOWS\System32\shlwapi.dll
0x00007ffc05890000 - 0x00007ffc058bb000 	C:\WINDOWS\SYSTEM32\profapi.dll
0x00007ffbbfd90000 - 0x00007ffbbfda8000 	c:\Users\KRISHNANSOURAV\.vscode\extensions\redhat.java-1.51.0-win32-x64\jre\21.0.9-win32-x86_64\bin\zip.dll
0x00007ffbdd030000 - 0x00007ffbdd040000 	C:\Users\KRISHNANSOURAV\.vscode\extensions\redhat.java-1.51.0-win32-x64\jre\21.0.9-win32-x86_64\bin\net.dll
0x00007ffbffb10000 - 0x00007ffbffc3c000 	C:\WINDOWS\SYSTEM32\WINHTTP.dll
0x00007ffc04f00000 - 0x00007ffc04f69000 	C:\WINDOWS\system32\mswsock.dll
0x00007ffbbfad0000 - 0x00007ffbbfae6000 	C:\Users\KRISHNANSOURAV\.vscode\extensions\redhat.java-1.51.0-win32-x64\jre\21.0.9-win32-x86_64\bin\nio.dll
0x00007ffbdca70000 - 0x00007ffbdca80000 	c:\Users\KRISHNANSOURAV\.vscode\extensions\redhat.java-1.51.0-win32-x64\jre\21.0.9-win32-x86_64\bin\verify.dll
0x00007ffbb76f0000 - 0x00007ffbb7734000 	C:\Users\KRISHNANSOURAV\AppData\Roaming\Code\User\globalStorage\redhat.java\1.51.0\config_win\org.eclipse.equinox.launcher\org.eclipse.equinox.launcher.win32.win32.x86_64_1.2.1400.v20250801-0854\eclipse_11916.dll
0x00007ffc07010000 - 0x00007ffc071b0000 	C:\WINDOWS\System32\ole32.dll
0x00007ffc05150000 - 0x00007ffc0516b000 	C:\WINDOWS\SYSTEM32\CRYPTSP.dll
0x00007ffc049e0000 - 0x00007ffc04a17000 	C:\WINDOWS\system32\rsaenh.dll
0x00007ffc04ff0000 - 0x00007ffc05018000 	C:\WINDOWS\SYSTEM32\USERENV.dll
0x00007ffc05170000 - 0x00007ffc0517c000 	C:\WINDOWS\SYSTEM32\CRYPTBASE.dll
0x00007ffc04450000 - 0x00007ffc0447d000 	C:\WINDOWS\SYSTEM32\IPHLPAPI.DLL
0x00007ffc071b0000 - 0x00007ffc071b9000 	C:\WINDOWS\System32\NSI.dll
0x00007ffbb7650000 - 0x00007ffbb7699000 	D:\Temp\jna--71846670\jna6398108057004206117.dll
0x00007ffc06f20000 - 0x00007ffc06f28000 	C:\WINDOWS\System32\PSAPI.DLL
0x00007ffbffa40000 - 0x00007ffbffa59000 	C:\WINDOWS\SYSTEM32\dhcpcsvc6.DLL
0x00007ffbffa20000 - 0x00007ffbffa3f000 	C:\WINDOWS\SYSTEM32\dhcpcsvc.DLL
0x00007ffbe1f60000 - 0x00007ffbe1f6e000 	C:\Users\KRISHNANSOURAV\.vscode\extensions\redhat.java-1.51.0-win32-x64\jre\21.0.9-win32-x86_64\bin\sunmscapi.dll
0x00007ffc05a00000 - 0x00007ffc05b67000 	C:\WINDOWS\System32\CRYPT32.dll
0x00007ffc05310000 - 0x00007ffc0533d000 	C:\WINDOWS\SYSTEM32\ncrypt.dll
0x00007ffc052d0000 - 0x00007ffc05307000 	C:\WINDOWS\SYSTEM32\NTASN1.dll
0x00007ffbe1f50000 - 0x00007ffbe1f59000 	C:\Users\KRISHNANSOURAV\.vscode\extensions\redhat.java-1.51.0-win32-x64\jre\21.0.9-win32-x86_64\bin\extnet.dll

JVMTI agents:
c:\Users\KRISHNANSOURAV\.vscode\extensions\redhat.java-1.51.0-win32-x64\lombok\lombok-1.18.39-4050.jar path:c:\Users\KRISHNANSOURAV\.vscode\extensions\redhat.java-1.51.0-win32-x64\jre\21.0.9-win32-x86_64\bin\instrument.dll, loaded, initialized, instrumentlib options:none

dbghelp: loaded successfully - version: 4.0.5 - missing functions: none
symbol engine: initialized successfully - sym options: 0x614 - pdb path: .;c:\Users\KRISHNANSOURAV\.vscode\extensions\redhat.java-1.51.0-win32-x64\jre\21.0.9-win32-x86_64\bin;C:\WINDOWS\SYSTEM32;C:\WINDOWS\WinSxS\amd64_microsoft.windows.common-controls_6595b64144ccf1df_6.0.22621.5547_none_27104afb73855772;c:\Users\KRISHNANSOURAV\.vscode\extensions\redhat.java-1.51.0-win32-x64\jre\21.0.9-win32-x86_64\bin\server;C:\Users\KRISHNANSOURAV\AppData\Roaming\Code\User\globalStorage\redhat.java\1.51.0\config_win\org.eclipse.equinox.launcher\org.eclipse.equinox.launcher.win32.win32.x86_64_1.2.1400.v20250801-0854;D:\Temp\jna--71846670

VM Arguments:
jvm_args: --add-modules=ALL-SYSTEM --add-opens=java.base/java.util=ALL-UNNAMED --add-opens=java.base/java.lang=ALL-UNNAMED --add-opens=java.base/sun.nio.fs=ALL-UNNAMED -Declipse.application=org.eclipse.jdt.ls.core.id1 -Dosgi.bundles.defaultStartLevel=4 -Declipse.product=org.eclipse.jdt.ls.core.product -Djava.import.generatesMetadataFilesAtProjectRoot=false -DDetectVMInstallationsJob.disabled=true -Dfile.encoding=utf8 -XX:+UseParallelGC -XX:GCTimeRatio=4 -XX:AdaptiveSizePolicyWeight=90 -Dsun.zip.disableMemoryMapping=true -Xmx2G -Xms100m -Xlog:disable -javaagent:c:\Users\KRISHNANSOURAV\.vscode\extensions\redhat.java-1.51.0-win32-x64\lombok\lombok-1.18.39-4050.jar -XX:+HeapDumpOnOutOfMemoryError -XX:HeapDumpPath=c:\Users\KRISHNANSOURAV\AppData\Roaming\Code\User\workspaceStorage\b65ec31a61f428cd775f041e1f55bc02\redhat.java -Daether.dependencyCollector.impl=bf 
java_command: c:\Users\KRISHNANSOURAV\.vscode\extensions\redhat.java-1.51.0-win32-x64\server\plugins\org.eclipse.equinox.launcher_1.7.100.v20251111-0406.jar -configuration c:\Users\KRISHNANSOURAV\AppData\Roaming\Code\User\globalStorage\redhat.java\1.51.0\config_win -data c:\Users\KRISHNANSOURAV\AppData\Roaming\Code\User\workspaceStorage\b65ec31a61f428cd775f041e1f55bc02\redhat.java\jdt_ws --pipe=\\.\pipe\lsp-6f008387220e831358dfe3c4a61fcf94-sock
java_class_path (initial): c:\Users\KRISHNANSOURAV\.vscode\extensions\redhat.java-1.51.0-win32-x64\server\plugins\org.eclipse.equinox.launcher_1.7.100.v20251111-0406.jar
Launcher Type: SUN_STANDARD

[Global flags]
    uintx AdaptiveSizePolicyWeight                 = 90                                        {product} {command line}
     intx CICompilerCount                          = 4                                         {product} {ergonomic}
    uintx GCTimeRatio                              = 4                                         {product} {command line}
     bool HeapDumpOnOutOfMemoryError               = true                                   {manageable} {command line}
    ccstr HeapDumpPath                             = c:\Users\KRISHNANSOURAV\AppData\Roaming\Code\User\workspaceStorage\b65ec31a61f428cd775f041e1f55bc02\redhat.java         {manageable} {command line}
   size_t InitialHeapSize                          = 104857600                                 {product} {command line}
   size_t MaxHeapSize                              = 2147483648                                {product} {command line}
   size_t MaxNewSize                               = 715653120                                 {product} {ergonomic}
   size_t MinHeapDeltaBytes                        = 524288                                    {product} {ergonomic}
   size_t MinHeapSize                              = 104857600                                 {product} {command line}
   size_t NewSize                                  = 34603008                                  {product} {ergonomic}
    uintx NonNMethodCodeHeapSize                   = 5839372                                {pd product} {ergonomic}
    uintx NonProfiledCodeHeapSize                  = 122909434                              {pd product} {ergonomic}
   size_t OldSize                                  = 70254592                                  {product} {ergonomic}
    uintx ProfiledCodeHeapSize                     = 122909434                              {pd product} {ergonomic}
    uintx ReservedCodeCacheSize                    = 251658240                              {pd product} {ergonomic}
     bool SegmentedCodeCache                       = true                                      {product} {ergonomic}
   size_t SoftMaxHeapSize                          = 2147483648                             {manageable} {ergonomic}
     bool UseCompressedOops                        = true                           {product lp64_product} {ergonomic}
     bool UseLargePagesIndividualAllocation        = false                                  {pd product} {ergonomic}
     bool UseParallelGC                            = true                                      {product} {command line}

Logging:
Log output configuration:
 #0: stdout all=off uptime,level,tags foldmultilines=false
 #1: stderr all=off uptime,level,tags foldmultilines=false

Release file:
JAVA_VERSION="21.0.9" 
MODULES="java.base java.compiler java.datatransfer java.xml java.prefs java.desktop java.instrument java.logging java.management java.security.sasl java.naming java.rmi java.management.rmi java.net.http java.scripting java.security.jgss java.transaction.xa java.sql java.sql.rowset java.xml.crypto java.se java.smartcardio jdk.accessibility jdk.internal.jvmstat jdk.attach jdk.charsets jdk.internal.opt jdk.zipfs jdk.compiler jdk.crypto.ec jdk.crypto.cryptoki jdk.crypto.mscapi jdk.dynalink jdk.internal.ed jdk.editpad jdk.hotspot.agent jdk.httpserver jdk.internal.le jdk.internal.vm.ci jdk.internal.vm.compiler jdk.internal.vm.compiler.management jdk.jartool jdk.javadoc jdk.jcmd jdk.management jdk.management.agent jdk.jconsole jdk.jdeps jdk.jdwp.agent jdk.jdi jdk.jfr jdk.jshell jdk.jsobject jdk.jstatd jdk.localedata jdk.management.jfr jdk.naming.dns jdk.naming.rmi jdk.net jdk.nio.mapmode jdk.random jdk.sctp jdk.security.auth jdk.security.jgss jdk.unsupported jdk.unsupported.desktop jdk.xml.dom" 

Environment Variables:
PATH=D:\Vmware\bin\;C:\Program Files\Eclipse Adoptium\jdk-25.0.1.8-hotspot\bin;C:\WINDOWS\system32;C:\WINDOWS;C:\WINDOWS\System32\Wbem;C:\WINDOWS\System32\WindowsPowerShell\v1.0\;C:\WINDOWS\System32\OpenSSH\;C:\Program Files\Git\cmd;C:\Program Files\nodejs\;C:\Program Files\Apache\Maven\apache-maven-3.9.11\bin;D:\Rust\.cargo\bin;C:\Program Files\PuTTY\;C:\Snort\bin;C:\Program Files\Common Files\Oracle\Java\javapath;C:\WINDOWS\system32;C:\WINDOWS;C:\WINDOWS\System32\Wbem;C:\WINDOWS\System32\WindowsPowerShell\v1.0\;C:\WINDOWS\System32\OpenSSH\;C:\Program Files\Git\cmd;C:\Program Files\nodejs\;C:\Program Files\Apache\Maven\apache-maven-3.9.11\bin;C:\Users\KRISHNANSOURAV\.cargo\bin;C:\Users\KRISHNANSOURAV\.cargo\bin;C:\Users\KRISHNANSOURAV\AppData\Local\Microsoft\WindowsApps;C:\Users\KRISHNANSOURAV\AppData\Local\Programs\Microsoft VS Code\bin;C:\Users\KRISHNANSOURAV\Downloads\flutter_windows_2.10.2-stable.zip;C:\flutter\bin;D:\flutter\bin;C:\Program Files\sfdx\bin;C:\Users\KRISHNANSOURAV\AppData\Roaming\npm;C:\Program Files\PostgreSQL\16\bin;D:\Rust\.cargo\bin;C:\Users\KRISHNANSOURAV\AppData\Local\Python\bin
USERNAME=KRISHNANSOURAV
OS=Windows_NT
PROCESSOR_IDENTIFIER=Intel64 Family 6 Model 140 Stepping 1, GenuineIntel
TMP=D:\Temp
TEMP=D:\Temp




Periodic native trim disabled

---------------  S Y S T E M  ---------------

OS:
 Windows 11 , 64 bit Build 22621 (10.0.22621.5415)
OS uptime: 0 days 17:23 hours
Hyper-V role detected

CPU: total 8 (initial active 8) (4 cores per cpu, 2 threads per core) family 6 model 140 stepping 1 microcode 0xb8, cx8, cmov, fxsr, ht, mmx, 3dnowpref, sse, sse2, sse3, ssse3, sse4.1, sse4.2, popcnt, lzcnt, tsc, tscinvbit, avx, avx2, aes, erms, clmul, bmi1, bmi2, adx, avx512f, avx512dq, avx512cd, avx512bw, avx512vl, sha, fma, vzeroupper, avx512_vpopcntdq, avx512_vpclmulqdq, avx512_vaes, avx512_vnni, clflush, clflushopt, clwb, avx512_vbmi2, avx512_vbmi, hv, rdtscp, rdpid, fsrm, gfni, avx512_bitalg, f16c, cet_ibt, cet_ss, avx512_ifma
Processor Information for the first 8 processors :
  Max Mhz: 1690, Current Mhz: 1690, Mhz Limit: 1690

Memory: 4k page, system-wide physical 16106M (2775M free)
TotalPageFile size 18371M (AvailPageFile size 4M)
current process WorkingSet (physical memory assigned to process): 1700M, peak: 1715M
current process commit charge ("private bytes"): 1746M, peak: 1772M

vm_info: OpenJDK 64-Bit Server VM (21.0.9+10-LTS) for windows-amd64 JRE (21.0.9+10-LTS), built on 2025-10-21T00:00:00Z by "admin" with unknown MS VC++:1942

END.
