#
# There is insufficient memory for the Java Runtime Environment to continue.
# Native memory allocation (malloc) failed to allocate 1857296 bytes. Error detail: Chunk::new
# Possible reasons:
#   The system is out of physical RAM or swap space
#   This process is running with CompressedOops enabled, and the Java Heap may be blocking the growth of the native heap
# Possible solutions:
#   Reduce memory load on the system
#   Increase physical memory or swap space
#   Check if swap backing store is full
#   Decrease Java heap size (-Xmx/-Xms)
#   Decrease number of Java threads
#   Decrease Java thread stack sizes (-Xss)
#   Set larger code cache with -XX:ReservedCodeCacheSize=
#   JVM is running with Unscaled Compressed Oops mode in which the Java heap is
#     placed in the first 4GB address space. The Java Heap base address is the
#     maximum limit for the native heap growth. Please use -XX:HeapBaseMinAddress
#     to set the Java Heap base and to place the Java Heap above 4GB virtual address.
# This output file may be truncated or incomplete.
#
#  Out of Memory Error (arena.cpp:168), pid=9852, tid=15388
#
# JRE version: OpenJDK Runtime Environment Temurin-21.0.9+10 (21.0.9+10) (build 21.0.9+10-LTS)
# Java VM: OpenJDK 64-Bit Server VM Temurin-21.0.9+10 (21.0.9+10-LTS, mixed mode, sharing, tiered, compressed oops, compressed class ptrs, parallel gc, windows-amd64)
# No core dump will be written. Minidumps are not enabled by default on client versions of Windows
#

---------------  S U M M A R Y ------------

Command Line: --add-modules=ALL-SYSTEM --add-opens=java.base/java.util=ALL-UNNAMED --add-opens=java.base/java.lang=ALL-UNNAMED --add-opens=java.base/sun.nio.fs=ALL-UNNAMED -Declipse.application=org.eclipse.jdt.ls.core.id1 -Dosgi.bundles.defaultStartLevel=4 -Declipse.product=org.eclipse.jdt.ls.core.product -Djava.import.generatesMetadataFilesAtProjectRoot=false -DDetectVMInstallationsJob.disabled=true -Dfile.encoding=utf8 -XX:+UseParallelGC -XX:GCTimeRatio=4 -XX:AdaptiveSizePolicyWeight=90 -Dsun.zip.disableMemoryMapping=true -Xmx2G -Xms100m -Xlog:disable -javaagent:c:\Users\KRISHNANSOURAV\.vscode\extensions\redhat.java-1.50.0-win32-x64\lombok\lombok-1.18.39-4050.jar -XX:+HeapDumpOnOutOfMemoryError -XX:HeapDumpPath=c:\Users\KRISHNANSOURAV\AppData\Roaming\Code\User\workspaceStorage\b65ec31a61f428cd775f041e1f55bc02\redhat.java -Daether.dependencyCollector.impl=bf c:\Users\KRISHNANSOURAV\.vscode\extensions\redhat.java-1.50.0-win32-x64\server\plugins\org.eclipse.equinox.launcher_1.7.100.v20251111-0406.jar -configuration c:\Users\KRISHNANSOURAV\AppData\Roaming\Code\User\globalStorage\redhat.java\1.50.0\config_win -data c:\Users\KRISHNANSOURAV\AppData\Roaming\Code\User\workspaceStorage\b65ec31a61f428cd775f041e1f55bc02\redhat.java\jdt_ws --pipe=\\.\pipe\lsp-30ba97dc3f9dcbab8c0a8d5a4e466e36-sock

Host: 11th Gen Intel(R) Core(TM) i7-1165G7 @ 2.80GHz, 8 cores, 15G,  Windows 11 , 64 bit Build 22621 (10.0.22621.5415)
Time: Mon Dec  8 11:15:14 2025 India Standard Time elapsed time: 20.476389 seconds (0d 0h 0m 20s)

---------------  T H R E A D  ---------------

Current thread (0x00000210e9288160):  JavaThread "C2 CompilerThread2" daemon [_thread_in_native, id=15388, stack(0x0000009441900000,0x0000009441a00000) (1024K)]


Current CompileTask:
C2:20476 8293   !   4       org.eclipse.jdt.internal.core.util.DeduplicationUtil::intern (149 bytes)

Stack: [0x0000009441900000,0x0000009441a00000]
Native frames: (J=compiled Java code, j=interpreted, Vv=VM code, C=native code)
V  [jvm.dll+0x6d6e29]
V  [jvm.dll+0x8b4b76]
V  [jvm.dll+0x8b712e]
V  [jvm.dll+0x8b7813]
V  [jvm.dll+0x283d86]
V  [jvm.dll+0xc66ed]
V  [jvm.dll+0xc6c31]
V  [jvm.dll+0x3be501]
V  [jvm.dll+0x38ab92]
V  [jvm.dll+0x389fda]
V  [jvm.dll+0x24bfa0]
V  [jvm.dll+0x24b580]
V  [jvm.dll+0x1cb13e]
V  [jvm.dll+0x25b29d]
V  [jvm.dll+0x25982a]
V  [jvm.dll+0x3f7ea6]
V  [jvm.dll+0x85e9ad]
V  [jvm.dll+0x6d565d]
C  [ucrtbase.dll+0x29333]
C  [KERNEL32.DLL+0x1259d]
C  [ntdll.dll+0x5af78]


---------------  P R O C E S S  ---------------

Threads class SMR info:
_java_thread_list=0x00000210ead3d210, length=46, elements={
0x0000021087cac3f0, 0x000002109e71fd80, 0x000002109e7228f0, 0x000002109e725840,
0x000002109e726550, 0x000002109e727260, 0x000002109e728cc0, 0x000002109e72a4e0,
0x000002109e75e390, 0x00000210e51fd800, 0x00000210e52b2f00, 0x00000210e5849cc0,
0x00000210e5cfa860, 0x00000210e5ce1a10, 0x00000210e5ce2b30, 0x00000210e6306170,
0x00000210e51c4920, 0x00000210e5d6c6f0, 0x00000210e63fb5a0, 0x00000210e6221b60,
0x00000210e621ed70, 0x00000210e62207b0, 0x00000210e621f400, 0x00000210e6220e40,
0x00000210e621fa90, 0x00000210e62221f0, 0x00000210e62214d0, 0x00000210e6220120,
0x00000210e9125fc0, 0x00000210e9123860, 0x00000210e9121790, 0x00000210e9123ef0,
0x00000210e9126650, 0x00000210e9127a00, 0x00000210e9128db0, 0x00000210e9128090,
0x00000210e9124580, 0x00000210e9122b40, 0x00000210e9126ce0, 0x00000210e91224b0,
0x00000210e9121e20, 0x00000210ea3f63e0, 0x00000210e9288160, 0x00000210e9128720,
0x00000210e9127370, 0x00000210e91231d0
}

Java Threads: ( => current thread )
  0x0000021087cac3f0 JavaThread "main"                              [_thread_blocked, id=21624, stack(0x000000943e500000,0x000000943e600000) (1024K)]
  0x000002109e71fd80 JavaThread "Reference Handler"          daemon [_thread_blocked, id=18252, stack(0x000000943e900000,0x000000943ea00000) (1024K)]
  0x000002109e7228f0 JavaThread "Finalizer"                  daemon [_thread_blocked, id=2036, stack(0x000000943ea00000,0x000000943eb00000) (1024K)]
  0x000002109e725840 JavaThread "Signal Dispatcher"          daemon [_thread_blocked, id=5112, stack(0x000000943eb00000,0x000000943ec00000) (1024K)]
  0x000002109e726550 JavaThread "Attach Listener"            daemon [_thread_blocked, id=16600, stack(0x000000943ec00000,0x000000943ed00000) (1024K)]
  0x000002109e727260 JavaThread "Service Thread"             daemon [_thread_blocked, id=17628, stack(0x000000943ed00000,0x000000943ee00000) (1024K)]
  0x000002109e728cc0 JavaThread "Monitor Deflation Thread"   daemon [_thread_blocked, id=8620, stack(0x000000943ee00000,0x000000943ef00000) (1024K)]
  0x000002109e72a4e0 JavaThread "C2 CompilerThread0"         daemon [_thread_blocked, id=20636, stack(0x000000943ef00000,0x000000943f000000) (1024K)]
  0x000002109e75e390 JavaThread "C1 CompilerThread0"         daemon [_thread_blocked, id=12164, stack(0x000000943f000000,0x000000943f100000) (1024K)]
  0x00000210e51fd800 JavaThread "Common-Cleaner"             daemon [_thread_blocked, id=18648, stack(0x000000943f200000,0x000000943f300000) (1024K)]
  0x00000210e52b2f00 JavaThread "Notification Thread"        daemon [_thread_blocked, id=18608, stack(0x000000943f300000,0x000000943f400000) (1024K)]
  0x00000210e5849cc0 JavaThread "Active Thread: Equinox Container: db8074ea-b8ca-460d-9bc9-bf4f2a5d94e0"        [_thread_blocked, id=5376, stack(0x000000943fb00000,0x000000943fc00000) (1024K)]
  0x00000210e5cfa860 JavaThread "Refresh Thread: Equinox Container: db8074ea-b8ca-460d-9bc9-bf4f2a5d94e0" daemon [_thread_blocked, id=22768, stack(0x000000943fc00000,0x000000943fd00000) (1024K)]
  0x00000210e5ce1a10 JavaThread "Framework Event Dispatcher: Equinox Container: db8074ea-b8ca-460d-9bc9-bf4f2a5d94e0" daemon [_thread_blocked, id=14628, stack(0x000000943fe00000,0x000000943ff00000) (1024K)]
  0x00000210e5ce2b30 JavaThread "Start Level: Equinox Container: db8074ea-b8ca-460d-9bc9-bf4f2a5d94e0" daemon [_thread_blocked, id=10192, stack(0x000000943ff00000,0x0000009440000000) (1024K)]
  0x00000210e6306170 JavaThread "Bundle File Closer"         daemon [_thread_blocked, id=13284, stack(0x0000009440000000,0x0000009440100000) (1024K)]
  0x00000210e51c4920 JavaThread "SCR Component Actor"        daemon [_thread_blocked, id=12232, stack(0x000000943f100000,0x000000943f200000) (1024K)]
  0x00000210e5d6c6f0 JavaThread "Worker-JM"                         [_thread_blocked, id=15560, stack(0x000000943f400000,0x000000943f500000) (1024K)]
  0x00000210e63fb5a0 JavaThread "JNA Cleaner"                daemon [_thread_blocked, id=21712, stack(0x0000009440100000,0x0000009440200000) (1024K)]
  0x00000210e6221b60 JavaThread "Worker-0"                          [_thread_blocked, id=2668, stack(0x0000009440200000,0x0000009440300000) (1024K)]
  0x00000210e621ed70 JavaThread "Worker-1: Publish Diagnostics"        [_thread_blocked, id=16272, stack(0x0000009440300000,0x0000009440400000) (1024K)]
  0x00000210e62207b0 JavaThread "Worker-2: Initialize workspace"        [_thread_blocked, id=14068, stack(0x0000009440400000,0x0000009440500000) (1024K)]
  0x00000210e621f400 JavaThread "Java indexing"              daemon [_thread_blocked, id=8044, stack(0x0000009440600000,0x0000009440700000) (1024K)]
  0x00000210e6220e40 JavaThread "Worker-3: Initialize Workspace"        [_thread_blocked, id=15136, stack(0x0000009440800000,0x0000009440900000) (1024K)]
  0x00000210e621fa90 JavaThread "Thread-1"                   daemon [_thread_in_native, id=13008, stack(0x0000009440900000,0x0000009440a00000) (1024K)]
  0x00000210e62221f0 JavaThread "Thread-2"                   daemon [_thread_in_native, id=11964, stack(0x0000009440a00000,0x0000009440b00000) (1024K)]
  0x00000210e62214d0 JavaThread "Thread-3"                   daemon [_thread_in_native, id=2472, stack(0x0000009440b00000,0x0000009440c00000) (1024K)]
  0x00000210e6220120 JavaThread "Thread-4"                   daemon [_thread_in_native, id=7788, stack(0x0000009440c00000,0x0000009440d00000) (1024K)]
  0x00000210e9125fc0 JavaThread "Thread-5"                   daemon [_thread_in_native, id=1900, stack(0x0000009440d00000,0x0000009440e00000) (1024K)]
  0x00000210e9123860 JavaThread "Thread-6"                   daemon [_thread_in_native, id=12540, stack(0x0000009440e00000,0x0000009440f00000) (1024K)]
  0x00000210e9121790 JavaThread "Thread-7"                   daemon [_thread_in_native, id=6060, stack(0x0000009440f00000,0x0000009441000000) (1024K)]
  0x00000210e9123ef0 JavaThread "Thread-8"                   daemon [_thread_in_native, id=15168, stack(0x0000009441000000,0x0000009441100000) (1024K)]
  0x00000210e9126650 JavaThread "Thread-9"                   daemon [_thread_in_native, id=20264, stack(0x0000009441100000,0x0000009441200000) (1024K)]
  0x00000210e9127a00 JavaThread "pool-2-thread-1"                   [_thread_blocked, id=7468, stack(0x0000009441200000,0x0000009441300000) (1024K)]
  0x00000210e9128db0 JavaThread "WorkspaceEventsHandler"            [_thread_blocked, id=11340, stack(0x0000009441300000,0x0000009441400000) (1024K)]
  0x00000210e9128090 JavaThread "pool-1-thread-1"                   [_thread_blocked, id=4396, stack(0x0000009441400000,0x0000009441500000) (1024K)]
  0x00000210e9124580 JavaThread "ForkJoinPool.commonPool-worker-1" daemon [_thread_blocked, id=13672, stack(0x0000009440500000,0x0000009440600000) (1024K)]
  0x00000210e9122b40 JavaThread "ForkJoinPool.commonPool-worker-2" daemon [_thread_blocked, id=16620, stack(0x0000009440700000,0x0000009440800000) (1024K)]
  0x00000210e9126ce0 JavaThread "ForkJoinPool.commonPool-worker-3" daemon [_thread_blocked, id=15140, stack(0x0000009441500000,0x0000009441600000) (1024K)]
  0x00000210e91224b0 JavaThread "Worker-4"                          [_thread_blocked, id=22244, stack(0x0000009441700000,0x0000009441800000) (1024K)]
  0x00000210e9121e20 JavaThread "Worker-5: Building"                [_thread_blocked, id=4088, stack(0x0000009441800000,0x0000009441900000) (1024K)]
  0x00000210ea3f63e0 JavaThread "C2 CompilerThread1"         daemon [_thread_in_native, id=10380, stack(0x0000009441600000,0x0000009441700000) (1024K)]
=>0x00000210e9288160 JavaThread "C2 CompilerThread2"         daemon [_thread_in_native, id=15388, stack(0x0000009441900000,0x0000009441a00000) (1024K)]
  0x00000210e9128720 JavaThread "Compiler Source File Reader" daemon [_thread_blocked, id=16044, stack(0x0000009441a00000,0x0000009441b00000) (1024K)]
  0x00000210e9127370 JavaThread "ForkJoinPool.commonPool-worker-4" daemon [_thread_blocked, id=13212, stack(0x0000009441b00000,0x0000009441c00000) (1024K)]
  0x00000210e91231d0 JavaThread "ForkJoinPool.commonPool-worker-5" daemon [_thread_blocked, id=7492, stack(0x0000009441c00000,0x0000009441d00000) (1024K)]
Total: 46

Other Threads:
  0x0000021087d6e880 VMThread "VM Thread"                           [id=14672, stack(0x000000943e800000,0x000000943e900000) (1024K)]
  0x0000021087d1a220 WatcherThread "VM Periodic Task Thread"        [id=11180, stack(0x000000943e700000,0x000000943e800000) (1024K)]
  0x0000021087ccbe20 WorkerThread "GC Thread#0"                     [id=1800, stack(0x000000943e600000,0x000000943e700000) (1024K)]
  0x00000210e57f1680 WorkerThread "GC Thread#1"                     [id=11992, stack(0x000000943f500000,0x000000943f600000) (1024K)]
  0x00000210e5759f40 WorkerThread "GC Thread#2"                     [id=8900, stack(0x000000943f600000,0x000000943f700000) (1024K)]
  0x00000210e575a2e0 WorkerThread "GC Thread#3"                     [id=10008, stack(0x000000943f700000,0x000000943f800000) (1024K)]
  0x00000210e575a680 WorkerThread "GC Thread#4"                     [id=16644, stack(0x000000943f800000,0x000000943f900000) (1024K)]
  0x00000210e575aa20 WorkerThread "GC Thread#5"                     [id=15056, stack(0x000000943f900000,0x000000943fa00000) (1024K)]
  0x00000210e575adc0 WorkerThread "GC Thread#6"                     [id=3356, stack(0x000000943fa00000,0x000000943fb00000) (1024K)]
  0x00000210e5be5820 WorkerThread "GC Thread#7"                     [id=8588, stack(0x000000943fd00000,0x000000943fe00000) (1024K)]
Total: 10

Threads with active compile tasks:
C2 CompilerThread0  20505 8461   !   4       jdk.nio.zipfs.ZipFileSystem::getFileAttributes (169 bytes)
C2 CompilerThread1  20505 8512       4       org.eclipse.jdt.internal.core.util.WeakHashSet::add (105 bytes)
C2 CompilerThread2  20505 8293   !   4       org.eclipse.jdt.internal.core.util.DeduplicationUtil::intern (149 bytes)
Total: 3

VM state: at safepoint (normal execution)

VM Mutex/Monitor currently owned by a thread:  ([mutex/lock_event])
[0x00007ff93f8cd570] Threads_lock - owner thread: 0x0000021087d6e880
[0x00007ff93f8cd670] Heap_lock - owner thread: 0x00000210e9126ce0

Heap address: 0x0000000080000000, size: 2048 MB, Compressed Oops mode: 32-bit

CDS archive(s) mapped at: [0x000002109f000000-0x000002109fba0000-0x000002109fba0000), size 12189696, SharedBaseAddress: 0x000002109f000000, ArchiveRelocationMode: 1.
Compressed class space mapped at: 0x00000210a0000000-0x00000210e0000000, reserved size: 1073741824
Narrow klass base: 0x000002109f000000, Narrow klass shift: 0, Narrow klass range: 0x100000000

GC Precious Log:
 CardTable entry size: 512
 CPUs: 8 total, 8 available
 Memory: 16106M
 Large Page Support: Disabled
 NUMA Support: Disabled
 Compressed Oops: Enabled (32-bit)
 Alignments: Space 512K, Generation 512K, Heap 2M
 Heap Min Capacity: 100M
 Heap Initial Capacity: 100M
 Heap Max Capacity: 2G
 Pre-touch: Disabled
 Parallel Workers: 8

Heap:
 PSYoungGen      total 16384K, used 16288K [0x00000000d5580000, 0x00000000d6a00000, 0x0000000100000000)
  eden space 15872K, 100% used [0x00000000d5580000,0x00000000d6500000,0x00000000d6500000)
  from space 512K, 81% used [0x00000000d6980000,0x00000000d69e8000,0x00000000d6a00000)
  to   space 512K, 75% used [0x00000000d6900000,0x00000000d6960000,0x00000000d6980000)
 ParOldGen       total 95744K, used 95314K [0x0000000080000000, 0x0000000085d80000, 0x00000000d5580000)
  object space 95744K, 99% used [0x0000000080000000,0x0000000085d14bf8,0x0000000085d80000)
 Metaspace       used 57068K, committed 58496K, reserved 1114112K
  class space    used 6177K, committed 6848K, reserved 1048576K

Card table byte_map: [0x0000021087680000,0x0000021087a90000] _byte_map_base: 0x0000021087280000

Marking Bits: (ParMarkBitMap*) 0x00007ff93f8d2460
 Begin Bits: [0x000002109a160000, 0x000002109c160000)
 End Bits:   [0x000002109c160000, 0x000002109e160000)

Polling page: 0x0000021087470000

Metaspace:

Usage:
  Non-class:     49.70 MB used.
      Class:      6.03 MB used.
       Both:     55.73 MB used.

Virtual space:
  Non-class space:       64.00 MB reserved,      50.44 MB ( 79%) committed,  1 nodes.
      Class space:        1.00 GB reserved,       6.69 MB ( <1%) committed,  1 nodes.
             Both:        1.06 GB reserved,      57.12 MB (  5%) committed. 

Chunk freelists:
   Non-Class:  12.69 MB
       Class:  9.16 MB
        Both:  21.85 MB

MaxMetaspaceSize: unlimited
CompressedClassSpaceSize: 1.00 GB
Initial GC threshold: 21.00 MB
Current GC threshold: 58.38 MB
CDS: on
 - commit_granule_bytes: 65536.
 - commit_granule_words: 8192.
 - virtual_space_node_default_size: 8388608.
 - enlarge_chunks_in_place: 1.
 - use_allocation_guard: 0.


Internal statistics:

num_allocs_failed_limit: 6.
num_arena_births: 1072.
num_arena_deaths: 14.
num_vsnodes_births: 2.
num_vsnodes_deaths: 0.
num_space_committed: 914.
num_space_uncommitted: 0.
num_chunks_returned_to_freelist: 20.
num_chunks_taken_from_freelist: 3701.
num_chunk_merges: 8.
num_chunk_splits: 2310.
num_chunks_enlarged: 1328.
num_inconsistent_stats: 0.

CodeHeap 'non-profiled nmethods': size=120000Kb used=5925Kb max_used=5925Kb free=114074Kb
 bounds [0x0000021092980000, 0x0000021092f50000, 0x0000021099eb0000]
CodeHeap 'profiled nmethods': size=120000Kb used=16998Kb max_used=16998Kb free=103001Kb
 bounds [0x000002108aeb0000, 0x000002108bf50000, 0x00000210923e0000]
CodeHeap 'non-nmethods': size=5760Kb used=1427Kb max_used=1466Kb free=4333Kb
 bounds [0x00000210923e0000, 0x0000021092650000, 0x0000021092980000]
CodeCache: size=245760Kb, used=24350Kb, max_used=24389Kb, free=221408Kb
 total_blobs=8671, nmethods=7943, adapters=634, full_count=0
Compilation: enabled, stopped_count=0, restarted_count=0

Compilation events (20 events):
Event: 20.440 Thread 0x000002109e75e390 8516   !   3       com.google.gson.internal.bind.ReflectiveTypeAdapterFactory$2::write (140 bytes)
Event: 20.442 Thread 0x000002109e75e390 nmethod 8516 0x000002108bf36c90 code [0x000002108bf37080, 0x000002108bf38690]
Event: 20.444 Thread 0x000002109e75e390 8517       3       com.sun.org.apache.xerces.internal.dom.DeferredDocumentImpl::createNode (46 bytes)
Event: 20.446 Thread 0x000002109e75e390 nmethod 8517 0x000002108bf39010 code [0x000002108bf391c0, 0x000002108bf393a0]
Event: 20.447 Thread 0x000002109e75e390 8521       3       com.sun.org.apache.xerces.internal.impl.XMLEntityScanner::invokeListeners (37 bytes)
Event: 20.447 Thread 0x000002109e75e390 nmethod 8521 0x000002108bf39490 code [0x000002108bf39680, 0x000002108bf39d50]
Event: 20.447 Thread 0x000002109e75e390 8518       3       com.sun.org.apache.xerces.internal.dom.DeferredDocumentImpl::ensureCapacity (358 bytes)
Event: 20.449 Thread 0x000002109e75e390 nmethod 8518 0x000002108bf39f90 code [0x000002108bf3a320, 0x000002108bf3c6f8]
Event: 20.449 Thread 0x000002109e75e390 8520       3       com.sun.org.apache.xerces.internal.util.ParserConfigurationSettings::checkFeature (39 bytes)
Event: 20.450 Thread 0x000002109e75e390 nmethod 8520 0x000002108bf3d090 code [0x000002108bf3d260, 0x000002108bf3d5e0]
Event: 20.450 Thread 0x000002109e75e390 8519       3       com.sun.org.apache.xerces.internal.dom.ChildNode::<init> (6 bytes)
Event: 20.450 Thread 0x000002109e75e390 nmethod 8519 0x000002108bf3d710 code [0x000002108bf3d8c0, 0x000002108bf3daa8]
Event: 20.450 Thread 0x000002109e75e390 8523       3       org.eclipse.core.internal.jobs.JobManager::wakeUp (53 bytes)
Event: 20.451 Thread 0x000002109e75e390 nmethod 8523 0x000002108bf3db90 code [0x000002108bf3dde0, 0x000002108bf3e710]
Event: 20.451 Thread 0x000002109e75e390 8522       3       java.util.regex.Pattern$SliceNode::study (37 bytes)
Event: 20.452 Thread 0x000002109e75e390 nmethod 8522 0x000002108bf3eb10 code [0x000002108bf3ecc0, 0x000002108bf3eeb8]
Event: 20.458 Thread 0x00000210ea3f63e0 nmethod 8507 0x0000021092f47f90 code [0x0000021092f48220, 0x0000021092f48c00]
Event: 20.459 Thread 0x00000210ea3f63e0 8512       4       org.eclipse.jdt.internal.core.util.WeakHashSet::add (105 bytes)
Event: 20.473 Thread 0x000002109e75e390 8525       3       java.lang.StringCoding::implEncodeAsciiArray (47 bytes)
Event: 20.473 Thread 0x000002109e75e390 nmethod 8525 0x000002108bf3ef90 code [0x000002108bf3f140, 0x000002108bf3f378]

GC Heap History (20 events):
Event: 20.205 GC heap before
{Heap before GC invocations=45 (full 2):
 PSYoungGen      total 16384K, used 16352K [0x00000000d5580000, 0x00000000d6f80000, 0x0000000100000000)
  eden space 15872K, 100% used [0x00000000d5580000,0x00000000d6500000,0x00000000d6500000)
  from space 512K, 93% used [0x00000000d6f00000,0x00000000d6f78000,0x00000000d6f80000)
  to   space 1024K, 0% used [0x00000000d6d80000,0x00000000d6d80000,0x00000000d6e80000)
 ParOldGen       total 78848K, used 78392K [0x0000000080000000, 0x0000000084d00000, 0x00000000d5580000)
  object space 78848K, 99% used [0x0000000080000000,0x0000000084c8e148,0x0000000084d00000)
 Metaspace       used 56226K, committed 57600K, reserved 1114112K
  class space    used 6086K, committed 6720K, reserved 1048576K
}
Event: 20.210 GC heap after
{Heap after GC invocations=45 (full 2):
 PSYoungGen      total 16896K, used 1011K [0x00000000d5580000, 0x00000000d7500000, 0x0000000100000000)
  eden space 15872K, 0% used [0x00000000d5580000,0x00000000d5580000,0x00000000d6500000)
  from space 1024K, 98% used [0x00000000d6d80000,0x00000000d6e7cde0,0x00000000d6e80000)
  to   space 6656K, 0% used [0x00000000d6e80000,0x00000000d6e80000,0x00000000d7500000)
 ParOldGen       total 84480K, used 84009K [0x0000000080000000, 0x0000000085280000, 0x00000000d5580000)
  object space 84480K, 99% used [0x0000000080000000,0x000000008520a7b8,0x0000000085280000)
 Metaspace       used 56226K, committed 57600K, reserved 1114112K
  class space    used 6086K, committed 6720K, reserved 1048576K
}
Event: 20.235 GC heap before
{Heap before GC invocations=46 (full 2):
 PSYoungGen      total 16896K, used 16883K [0x00000000d5580000, 0x00000000d7500000, 0x0000000100000000)
  eden space 15872K, 100% used [0x00000000d5580000,0x00000000d6500000,0x00000000d6500000)
  from space 1024K, 98% used [0x00000000d6d80000,0x00000000d6e7cde0,0x00000000d6e80000)
  to   space 6656K, 0% used [0x00000000d6e80000,0x00000000d6e80000,0x00000000d7500000)
 ParOldGen       total 84480K, used 84009K [0x0000000080000000, 0x0000000085280000, 0x00000000d5580000)
  object space 84480K, 99% used [0x0000000080000000,0x000000008520a7b8,0x0000000085280000)
 Metaspace       used 56246K, committed 57664K, reserved 1114112K
  class space    used 6090K, committed 6720K, reserved 1048576K
}
Event: 20.240 GC heap after
{Heap after GC invocations=46 (full 2):
 PSYoungGen      total 21504K, used 5466K [0x00000000d5580000, 0x00000000d7400000, 0x0000000100000000)
  eden space 15872K, 0% used [0x00000000d5580000,0x00000000d5580000,0x00000000d6500000)
  from space 5632K, 97% used [0x00000000d6e80000,0x00000000d73d6b60,0x00000000d7400000)
  to   space 6144K, 0% used [0x00000000d6800000,0x00000000d6800000,0x00000000d6e00000)
 ParOldGen       total 85504K, used 85062K [0x0000000080000000, 0x0000000085380000, 0x00000000d5580000)
  object space 85504K, 99% used [0x0000000080000000,0x0000000085311870,0x0000000085380000)
 Metaspace       used 56246K, committed 57664K, reserved 1114112K
  class space    used 6090K, committed 6720K, reserved 1048576K
}
Event: 20.272 GC heap before
{Heap before GC invocations=47 (full 2):
 PSYoungGen      total 21504K, used 21336K [0x00000000d5580000, 0x00000000d7400000, 0x0000000100000000)
  eden space 15872K, 99% used [0x00000000d5580000,0x00000000d64ff898,0x00000000d6500000)
  from space 5632K, 97% used [0x00000000d6e80000,0x00000000d73d6b60,0x00000000d7400000)
  to   space 6144K, 0% used [0x00000000d6800000,0x00000000d6800000,0x00000000d6e00000)
 ParOldGen       total 85504K, used 85062K [0x0000000080000000, 0x0000000085380000, 0x00000000d5580000)
  object space 85504K, 99% used [0x0000000080000000,0x0000000085311870,0x0000000085380000)
 Metaspace       used 56402K, committed 57856K, reserved 1114112K
  class space    used 6102K, committed 6784K, reserved 1048576K
}
Event: 20.282 GC heap after
{Heap after GC invocations=47 (full 2):
 PSYoungGen      total 18944K, used 2882K [0x00000000d5580000, 0x00000000d6f00000, 0x0000000100000000)
  eden space 15872K, 0% used [0x00000000d5580000,0x00000000d5580000,0x00000000d6500000)
  from space 3072K, 93% used [0x00000000d6800000,0x00000000d6ad0920,0x00000000d6b00000)
  to   space 4096K, 0% used [0x00000000d6b00000,0x00000000d6b00000,0x00000000d6f00000)
 ParOldGen       total 90112K, used 89647K [0x0000000080000000, 0x0000000085800000, 0x00000000d5580000)
  object space 90112K, 99% used [0x0000000080000000,0x000000008578bf70,0x0000000085800000)
 Metaspace       used 56402K, committed 57856K, reserved 1114112K
  class space    used 6102K, committed 6784K, reserved 1048576K
}
Event: 20.307 GC heap before
{Heap before GC invocations=48 (full 2):
 PSYoungGen      total 18944K, used 18754K [0x00000000d5580000, 0x00000000d6f00000, 0x0000000100000000)
  eden space 15872K, 100% used [0x00000000d5580000,0x00000000d6500000,0x00000000d6500000)
  from space 3072K, 93% used [0x00000000d6800000,0x00000000d6ad0920,0x00000000d6b00000)
  to   space 4096K, 0% used [0x00000000d6b00000,0x00000000d6b00000,0x00000000d6f00000)
 ParOldGen       total 90112K, used 89647K [0x0000000080000000, 0x0000000085800000, 0x00000000d5580000)
  object space 90112K, 99% used [0x0000000080000000,0x000000008578bf70,0x0000000085800000)
 Metaspace       used 56426K, committed 57920K, reserved 1114112K
  class space    used 6102K, committed 6784K, reserved 1048576K
}
Event: 20.311 GC heap after
{Heap after GC invocations=48 (full 2):
 PSYoungGen      total 16896K, used 832K [0x00000000d5580000, 0x00000000d6c00000, 0x0000000100000000)
  eden space 15872K, 0% used [0x00000000d5580000,0x00000000d5580000,0x00000000d6500000)
  from space 1024K, 81% used [0x00000000d6b00000,0x00000000d6bd0000,0x00000000d6c00000)
  to   space 2048K, 0% used [0x00000000d6800000,0x00000000d6800000,0x00000000d6a00000)
 ParOldGen       total 92672K, used 92362K [0x0000000080000000, 0x0000000085a80000, 0x00000000d5580000)
  object space 92672K, 99% used [0x0000000080000000,0x0000000085a32af0,0x0000000085a80000)
 Metaspace       used 56426K, committed 57920K, reserved 1114112K
  class space    used 6102K, committed 6784K, reserved 1048576K
}
Event: 20.334 GC heap before
{Heap before GC invocations=49 (full 2):
 PSYoungGen      total 16896K, used 16704K [0x00000000d5580000, 0x00000000d6c00000, 0x0000000100000000)
  eden space 15872K, 100% used [0x00000000d5580000,0x00000000d6500000,0x00000000d6500000)
  from space 1024K, 81% used [0x00000000d6b00000,0x00000000d6bd0000,0x00000000d6c00000)
  to   space 2048K, 0% used [0x00000000d6800000,0x00000000d6800000,0x00000000d6a00000)
 ParOldGen       total 92672K, used 92362K [0x0000000080000000, 0x0000000085a80000, 0x00000000d5580000)
  object space 92672K, 99% used [0x0000000080000000,0x0000000085a32af0,0x0000000085a80000)
 Metaspace       used 56435K, committed 57920K, reserved 1114112K
  class space    used 6102K, committed 6784K, reserved 1048576K
}
Event: 20.336 GC heap after
{Heap after GC invocations=49 (full 2):
 PSYoungGen      total 17920K, used 1152K [0x00000000d5580000, 0x00000000d6b80000, 0x0000000100000000)
  eden space 15872K, 0% used [0x00000000d5580000,0x00000000d5580000,0x00000000d6500000)
  from space 2048K, 56% used [0x00000000d6800000,0x00000000d6920010,0x00000000d6a00000)
  to   space 1536K, 0% used [0x00000000d6a00000,0x00000000d6a00000,0x00000000d6b80000)
 ParOldGen       total 93184K, used 92991K [0x0000000080000000, 0x0000000085b00000, 0x00000000d5580000)
  object space 93184K, 99% used [0x0000000080000000,0x0000000085acfd80,0x0000000085b00000)
 Metaspace       used 56435K, committed 57920K, reserved 1114112K
  class space    used 6102K, committed 6784K, reserved 1048576K
}
Event: 20.364 GC heap before
{Heap before GC invocations=50 (full 2):
 PSYoungGen      total 17920K, used 17024K [0x00000000d5580000, 0x00000000d6b80000, 0x0000000100000000)
  eden space 15872K, 100% used [0x00000000d5580000,0x00000000d6500000,0x00000000d6500000)
  from space 2048K, 56% used [0x00000000d6800000,0x00000000d6920010,0x00000000d6a00000)
  to   space 1536K, 0% used [0x00000000d6a00000,0x00000000d6a00000,0x00000000d6b80000)
 ParOldGen       total 93184K, used 92991K [0x0000000080000000, 0x0000000085b00000, 0x00000000d5580000)
  object space 93184K, 99% used [0x0000000080000000,0x0000000085acfd80,0x0000000085b00000)
 Metaspace       used 56501K, committed 57984K, reserved 1114112K
  class space    used 6109K, committed 6784K, reserved 1048576K
}
Event: 20.366 GC heap after
{Heap after GC invocations=50 (full 2):
 PSYoungGen      total 16896K, used 864K [0x00000000d5580000, 0x00000000d6b00000, 0x0000000100000000)
  eden space 15872K, 0% used [0x00000000d5580000,0x00000000d5580000,0x00000000d6500000)
  from space 1024K, 84% used [0x00000000d6a00000,0x00000000d6ad8000,0x00000000d6b00000)
  to   space 1024K, 0% used [0x00000000d6900000,0x00000000d6900000,0x00000000d6a00000)
 ParOldGen       total 94208K, used 93855K [0x0000000080000000, 0x0000000085c00000, 0x00000000d5580000)
  object space 94208K, 99% used [0x0000000080000000,0x0000000085ba7d90,0x0000000085c00000)
 Metaspace       used 56501K, committed 57984K, reserved 1114112K
  class space    used 6109K, committed 6784K, reserved 1048576K
}
Event: 20.384 GC heap before
{Heap before GC invocations=51 (full 2):
 PSYoungGen      total 16896K, used 16736K [0x00000000d5580000, 0x00000000d6b00000, 0x0000000100000000)
  eden space 15872K, 100% used [0x00000000d5580000,0x00000000d6500000,0x00000000d6500000)
  from space 1024K, 84% used [0x00000000d6a00000,0x00000000d6ad8000,0x00000000d6b00000)
  to   space 1024K, 0% used [0x00000000d6900000,0x00000000d6900000,0x00000000d6a00000)
 ParOldGen       total 94208K, used 93855K [0x0000000080000000, 0x0000000085c00000, 0x00000000d5580000)
  object space 94208K, 99% used [0x0000000080000000,0x0000000085ba7d90,0x0000000085c00000)
 Metaspace       used 56650K, committed 58112K, reserved 1114112K
  class space    used 6130K, committed 6784K, reserved 1048576K
}
Event: 20.387 GC heap after
{Heap after GC invocations=51 (full 2):
 PSYoungGen      total 16384K, used 416K [0x00000000d5580000, 0x00000000d6a80000, 0x0000000100000000)
  eden space 15872K, 0% used [0x00000000d5580000,0x00000000d5580000,0x00000000d6500000)
  from space 512K, 81% used [0x00000000d6900000,0x00000000d6968000,0x00000000d6980000)
  to   space 1024K, 0% used [0x00000000d6980000,0x00000000d6980000,0x00000000d6a80000)
 ParOldGen       total 94720K, used 94447K [0x0000000080000000, 0x0000000085c80000, 0x00000000d5580000)
  object space 94720K, 99% used [0x0000000080000000,0x0000000085c3bd90,0x0000000085c80000)
 Metaspace       used 56650K, committed 58112K, reserved 1114112K
  class space    used 6130K, committed 6784K, reserved 1048576K
}
Event: 20.412 GC heap before
{Heap before GC invocations=52 (full 2):
 PSYoungGen      total 16384K, used 16288K [0x00000000d5580000, 0x00000000d6a80000, 0x0000000100000000)
  eden space 15872K, 100% used [0x00000000d5580000,0x00000000d6500000,0x00000000d6500000)
  from space 512K, 81% used [0x00000000d6900000,0x00000000d6968000,0x00000000d6980000)
  to   space 1024K, 0% used [0x00000000d6980000,0x00000000d6980000,0x00000000d6a80000)
 ParOldGen       total 94720K, used 94447K [0x0000000080000000, 0x0000000085c80000, 0x00000000d5580000)
  object space 94720K, 99% used [0x0000000080000000,0x0000000085c3bd90,0x0000000085c80000)
 Metaspace       used 56782K, committed 58240K, reserved 1114112K
  class space    used 6139K, committed 6784K, reserved 1048576K
}
Event: 20.414 GC heap after
{Heap after GC invocations=52 (full 2):
 PSYoungGen      total 16384K, used 384K [0x00000000d5580000, 0x00000000d6a00000, 0x0000000100000000)
  eden space 15872K, 0% used [0x00000000d5580000,0x00000000d5580000,0x00000000d6500000)
  from space 512K, 75% used [0x00000000d6980000,0x00000000d69e0000,0x00000000d6a00000)
  to   space 512K, 0% used [0x00000000d6900000,0x00000000d6900000,0x00000000d6980000)
 ParOldGen       total 94720K, used 94671K [0x0000000080000000, 0x0000000085c80000, 0x00000000d5580000)
  object space 94720K, 99% used [0x0000000080000000,0x0000000085c73d90,0x0000000085c80000)
 Metaspace       used 56782K, committed 58240K, reserved 1114112K
  class space    used 6139K, committed 6784K, reserved 1048576K
}
Event: 20.434 GC heap before
{Heap before GC invocations=53 (full 2):
 PSYoungGen      total 16384K, used 16256K [0x00000000d5580000, 0x00000000d6a00000, 0x0000000100000000)
  eden space 15872K, 100% used [0x00000000d5580000,0x00000000d6500000,0x00000000d6500000)
  from space 512K, 75% used [0x00000000d6980000,0x00000000d69e0000,0x00000000d6a00000)
  to   space 512K, 0% used [0x00000000d6900000,0x00000000d6900000,0x00000000d6980000)
 ParOldGen       total 94720K, used 94671K [0x0000000080000000, 0x0000000085c80000, 0x00000000d5580000)
  object space 94720K, 99% used [0x0000000080000000,0x0000000085c73d90,0x0000000085c80000)
 Metaspace       used 56827K, committed 58240K, reserved 1114112K
  class space    used 6146K, committed 6784K, reserved 1048576K
}
Event: 20.436 GC heap after
{Heap after GC invocations=53 (full 2):
 PSYoungGen      total 16384K, used 448K [0x00000000d5580000, 0x00000000d6a00000, 0x0000000100000000)
  eden space 15872K, 0% used [0x00000000d5580000,0x00000000d5580000,0x00000000d6500000)
  from space 512K, 87% used [0x00000000d6900000,0x00000000d6970000,0x00000000d6980000)
  to   space 512K, 0% used [0x00000000d6980000,0x00000000d6980000,0x00000000d6a00000)
 ParOldGen       total 95232K, used 94855K [0x0000000080000000, 0x0000000085d00000, 0x00000000d5580000)
  object space 95232K, 99% used [0x0000000080000000,0x0000000085ca1d90,0x0000000085d00000)
 Metaspace       used 56827K, committed 58240K, reserved 1114112K
  class space    used 6146K, committed 6784K, reserved 1048576K
}
Event: 20.470 GC heap before
{Heap before GC invocations=54 (full 2):
 PSYoungGen      total 16384K, used 16320K [0x00000000d5580000, 0x00000000d6a00000, 0x0000000100000000)
  eden space 15872K, 100% used [0x00000000d5580000,0x00000000d6500000,0x00000000d6500000)
  from space 512K, 87% used [0x00000000d6900000,0x00000000d6970000,0x00000000d6980000)
  to   space 512K, 0% used [0x00000000d6980000,0x00000000d6980000,0x00000000d6a00000)
 ParOldGen       total 95232K, used 94855K [0x0000000080000000, 0x0000000085d00000, 0x00000000d5580000)
  object space 95232K, 99% used [0x0000000080000000,0x0000000085ca1d90,0x0000000085d00000)
 Metaspace       used 57012K, committed 58496K, reserved 1114112K
  class space    used 6170K, committed 6848K, reserved 1048576K
}
Event: 20.471 GC heap after
{Heap after GC invocations=54 (full 2):
 PSYoungGen      total 16384K, used 416K [0x00000000d5580000, 0x00000000d6a00000, 0x0000000100000000)
  eden space 15872K, 0% used [0x00000000d5580000,0x00000000d5580000,0x00000000d6500000)
  from space 512K, 81% used [0x00000000d6980000,0x00000000d69e8000,0x00000000d6a00000)
  to   space 512K, 0% used [0x00000000d6900000,0x00000000d6900000,0x00000000d6980000)
 ParOldGen       total 95232K, used 95085K [0x0000000080000000, 0x0000000085d00000, 0x00000000d5580000)
  object space 95232K, 99% used [0x0000000080000000,0x0000000085cdb710,0x0000000085d00000)
 Metaspace       used 57012K, committed 58496K, reserved 1114112K
  class space    used 6170K, committed 6848K, reserved 1048576K
}

Dll operation events (10 events):
Event: 0.019 Loaded shared library c:\Users\KRISHNANSOURAV\.vscode\extensions\redhat.java-1.50.0-win32-x64\jre\21.0.9-win32-x86_64\bin\java.dll
Event: 0.158 Loaded shared library c:\Users\KRISHNANSOURAV\.vscode\extensions\redhat.java-1.50.0-win32-x64\jre\21.0.9-win32-x86_64\bin\zip.dll
Event: 0.184 Loaded shared library C:\Users\KRISHNANSOURAV\.vscode\extensions\redhat.java-1.50.0-win32-x64\jre\21.0.9-win32-x86_64\bin\instrument.dll
Event: 0.190 Loaded shared library C:\Users\KRISHNANSOURAV\.vscode\extensions\redhat.java-1.50.0-win32-x64\jre\21.0.9-win32-x86_64\bin\net.dll
Event: 0.193 Loaded shared library C:\Users\KRISHNANSOURAV\.vscode\extensions\redhat.java-1.50.0-win32-x64\jre\21.0.9-win32-x86_64\bin\nio.dll
Event: 0.198 Loaded shared library C:\Users\KRISHNANSOURAV\.vscode\extensions\redhat.java-1.50.0-win32-x64\jre\21.0.9-win32-x86_64\bin\zip.dll
Event: 0.221 Loaded shared library C:\Users\KRISHNANSOURAV\.vscode\extensions\redhat.java-1.50.0-win32-x64\jre\21.0.9-win32-x86_64\bin\jimage.dll
Event: 0.321 Loaded shared library c:\Users\KRISHNANSOURAV\.vscode\extensions\redhat.java-1.50.0-win32-x64\jre\21.0.9-win32-x86_64\bin\verify.dll
Event: 1.907 Loaded shared library C:\Users\KRISHNANSOURAV\AppData\Roaming\Code\User\globalStorage\redhat.java\1.50.0\config_win\org.eclipse.equinox.launcher\org.eclipse.equinox.launcher.win32.win32.x86_64_1.2.1400.v20250801-0854\eclipse_11916.dll
Event: 4.267 Loaded shared library D:\Temp\jna--71846670\jna13528058944344211450.dll

Deoptimization events (20 events):
Event: 20.359 Thread 0x00000210e9126ce0 Uncommon trap: trap_request=0xffffff45 fr.pc=0x0000021092f32d5c relative=0x00000000000005fc
Event: 20.359 Thread 0x00000210e9126ce0 Uncommon trap: reason=unstable_if action=reinterpret pc=0x0000021092f32d5c method=org.eclipse.jdt.internal.compiler.impl.CompilerOptions.versionFromJdkLevel(J)Ljava/lang/String; @ 7 c2
Event: 20.359 Thread 0x00000210e9126ce0 DEOPT PACKING pc=0x0000021092f32d5c sp=0x00000094415fe200
Event: 20.359 Thread 0x00000210e9126ce0 DEOPT UNPACKING pc=0x0000021092436da2 sp=0x00000094415fe1b8 mode 2
Event: 20.389 Thread 0x00000210e621f400 Uncommon trap: trap_request=0xffffff45 fr.pc=0x0000021092ca5978 relative=0x00000000000006d8
Event: 20.389 Thread 0x00000210e621f400 Uncommon trap: reason=unstable_if action=reinterpret pc=0x0000021092ca5978 method=org.eclipse.jdt.internal.core.index.DiskIndex.readStreamChars(Ljava/io/InputStream;)[C @ 1 c2
Event: 20.389 Thread 0x00000210e621f400 DEOPT PACKING pc=0x0000021092ca5978 sp=0x00000094406fed10
Event: 20.389 Thread 0x00000210e621f400 DEOPT UNPACKING pc=0x0000021092436da2 sp=0x00000094406fec98 mode 2
Event: 20.389 Thread 0x00000210e621f400 Uncommon trap: trap_request=0xffffff45 fr.pc=0x0000021092c94118 relative=0x0000000000000678
Event: 20.389 Thread 0x00000210e621f400 Uncommon trap: reason=unstable_if action=reinterpret pc=0x0000021092c94118 method=org.eclipse.jdt.internal.compiler.util.HashtableOfObject.put([CLjava/lang/Object;)Ljava/lang/Object; @ 42 c2
Event: 20.389 Thread 0x00000210e621f400 DEOPT PACKING pc=0x0000021092c94118 sp=0x00000094406feeb0
Event: 20.389 Thread 0x00000210e621f400 DEOPT UNPACKING pc=0x0000021092436da2 sp=0x00000094406fee38 mode 2
Event: 20.425 Thread 0x00000210e9126ce0 Uncommon trap: trap_request=0xffffff6e fr.pc=0x0000021092f468dc relative=0x000000000000019c
Event: 20.425 Thread 0x00000210e9126ce0 Uncommon trap: reason=loop_limit_check action=maybe_recompile pc=0x0000021092f468dc method=org.eclipse.jdt.internal.core.util.HashSetOfArray.hashCode([Ljava/lang/Object;I)I @ 27 c2
Event: 20.425 Thread 0x00000210e9126ce0 DEOPT PACKING pc=0x0000021092f468dc sp=0x00000094415fe2c0
Event: 20.425 Thread 0x00000210e9126ce0 DEOPT UNPACKING pc=0x0000021092436da2 sp=0x00000094415fe248 mode 2
Event: 20.440 Thread 0x00000210e9124580 Uncommon trap: trap_request=0xffffffde fr.pc=0x0000021092b075dc relative=0x0000000000000b7c
Event: 20.440 Thread 0x00000210e9124580 Uncommon trap: reason=class_check action=maybe_recompile pc=0x0000021092b075dc method=java.util.concurrent.ConcurrentHashMap.putVal(Ljava/lang/Object;Ljava/lang/Object;Z)Ljava/lang/Object; @ 242 c2
Event: 20.440 Thread 0x00000210e9124580 DEOPT PACKING pc=0x0000021092b075dc sp=0x00000094405fe710
Event: 20.440 Thread 0x00000210e9124580 DEOPT UNPACKING pc=0x0000021092436da2 sp=0x00000094405fe6a0 mode 2

Classes loaded (20 events):
Event: 19.670 Loading class java/nio/file/DirectoryIteratorException
Event: 19.670 Loading class java/nio/file/DirectoryIteratorException done
Event: 19.676 Loading class java/lang/UnsupportedClassVersionError
Event: 19.677 Loading class java/lang/UnsupportedClassVersionError done
Event: 19.892 Loading class java/util/zip/CheckedInputStream
Event: 19.892 Loading class java/util/zip/CheckedInputStream done
Event: 20.259 Loading class java/nio/file/FileTreeIterator
Event: 20.259 Loading class java/nio/file/FileTreeIterator done
Event: 20.371 Loading class java/util/stream/ReduceOps$4
Event: 20.371 Loading class java/util/stream/ReduceOps$4 done
Event: 20.371 Loading class java/util/stream/ReduceOps$4ReducingSink
Event: 20.371 Loading class java/util/stream/ReduceOps$4ReducingSink done
Event: 20.373 Loading class java/nio/file/Files$2
Event: 20.373 Loading class java/nio/file/Files$2 done
Event: 20.450 Loading class jdk/internal/event/SecurityPropertyModificationEvent
Event: 20.450 Loading class jdk/internal/event/SecurityPropertyModificationEvent done
Event: 20.472 Loading class java/lang/Throwable$WrappedPrintStream
Event: 20.472 Loading class java/lang/Throwable$PrintStreamOrWriter
Event: 20.473 Loading class java/lang/Throwable$PrintStreamOrWriter done
Event: 20.473 Loading class java/lang/Throwable$WrappedPrintStream done

Classes unloaded (7 events):
Event: 4.861 Thread 0x0000021087d6e880 Unloading class 0x00000210a01a9800 'java/lang/invoke/LambdaForm$MH+0x00000210a01a9800'
Event: 4.861 Thread 0x0000021087d6e880 Unloading class 0x00000210a01a9400 'java/lang/invoke/LambdaForm$MH+0x00000210a01a9400'
Event: 4.861 Thread 0x0000021087d6e880 Unloading class 0x00000210a01a9000 'java/lang/invoke/LambdaForm$MH+0x00000210a01a9000'
Event: 4.861 Thread 0x0000021087d6e880 Unloading class 0x00000210a01a8c00 'java/lang/invoke/LambdaForm$MH+0x00000210a01a8c00'
Event: 4.861 Thread 0x0000021087d6e880 Unloading class 0x00000210a01a8800 'java/lang/invoke/LambdaForm$BMH+0x00000210a01a8800'
Event: 4.861 Thread 0x0000021087d6e880 Unloading class 0x00000210a01a8400 'java/lang/invoke/LambdaForm$DMH+0x00000210a01a8400'
Event: 4.861 Thread 0x0000021087d6e880 Unloading class 0x00000210a01a3000 'java/lang/invoke/LambdaForm$DMH+0x00000210a01a3000'

Classes redefined (0 events):
No events

Internal exceptions (20 events):
Event: 19.182 Thread 0x00000210e9128090 Exception <a 'sun/nio/fs/WindowsException'{0x00000000d61fe730}> (0x00000000d61fe730) 
thrown [s\src\hotspot\share\prims\jni.cpp, line 520]
Event: 19.183 Thread 0x00000210e9128090 Exception <a 'sun/nio/fs/WindowsException'{0x00000000d6201a58}> (0x00000000d6201a58) 
thrown [s\src\hotspot\share\prims\jni.cpp, line 520]
Event: 19.183 Thread 0x00000210e9128090 Exception <a 'sun/nio/fs/WindowsException'{0x00000000d6202168}> (0x00000000d6202168) 
thrown [s\src\hotspot\share\prims\jni.cpp, line 520]
Event: 19.185 Thread 0x00000210e9128090 Exception <a 'java/lang/IncompatibleClassChangeError'{0x00000000d6226848}: Found class java.lang.Object, but interface was expected> (0x00000000d6226848) 
thrown [s\src\hotspot\share\interpreter\linkResolver.cpp, line 840]
Event: 19.356 Thread 0x00000210e621ed70 Exception <a 'sun/nio/fs/WindowsException'{0x00000000d6298a88}> (0x00000000d6298a88) 
thrown [s\src\hotspot\share\prims\jni.cpp, line 520]
Event: 19.356 Thread 0x00000210e621ed70 Exception <a 'sun/nio/fs/WindowsException'{0x00000000d6299578}> (0x00000000d6299578) 
thrown [s\src\hotspot\share\prims\jni.cpp, line 520]
Event: 19.369 Thread 0x00000210e621ed70 Exception <a 'java/io/FileNotFoundException'{0x00000000d63b7690}> (0x00000000d63b7690) 
thrown [s\src\hotspot\share\prims\jni.cpp, line 520]
Event: 19.369 Thread 0x00000210e621ed70 Exception <a 'java/io/FileNotFoundException'{0x00000000d63b8918}> (0x00000000d63b8918) 
thrown [s\src\hotspot\share\prims\jni.cpp, line 520]
Event: 19.369 Thread 0x00000210e621ed70 Exception <a 'java/io/FileNotFoundException'{0x00000000d63b9b58}> (0x00000000d63b9b58) 
thrown [s\src\hotspot\share\prims\jni.cpp, line 520]
Event: 19.386 Thread 0x00000210e9128090 Exception <a 'java/lang/IncompatibleClassChangeError'{0x00000000d62d4d48}: Found class java.lang.Object, but interface was expected> (0x00000000d62d4d48) 
thrown [s\src\hotspot\share\interpreter\linkResolver.cpp, line 840]
Event: 19.460 Thread 0x00000210e9121e20 Exception <a 'java/io/FileNotFoundException'{0x00000000d5b34890}> (0x00000000d5b34890) 
thrown [s\src\hotspot\share\prims\jni.cpp, line 520]
Event: 19.460 Thread 0x00000210e9121e20 Exception <a 'java/io/FileNotFoundException'{0x00000000d5b358d8}> (0x00000000d5b358d8) 
thrown [s\src\hotspot\share\prims\jni.cpp, line 520]
Event: 19.466 Thread 0x00000210e9121e20 Exception <a 'java/io/FileNotFoundException'{0x00000000d5b72260}> (0x00000000d5b72260) 
thrown [s\src\hotspot\share\prims\jni.cpp, line 520]
Event: 19.467 Thread 0x00000210e9121e20 Exception <a 'java/io/FileNotFoundException'{0x00000000d5b73638}> (0x00000000d5b73638) 
thrown [s\src\hotspot\share\prims\jni.cpp, line 520]
Event: 19.467 Thread 0x00000210e9121e20 Exception <a 'java/io/FileNotFoundException'{0x00000000d5b746a0}> (0x00000000d5b746a0) 
thrown [s\src\hotspot\share\prims\jni.cpp, line 520]
Event: 19.604 Thread 0x00000210e621ed70 Exception <a 'java/lang/NoSuchMethodError'{0x00000000d5942bd8}: 'java.lang.Object java.lang.invoke.DirectMethodHandle$Holder.invokeSpecial(java.lang.Object, java.lang.Object, int, long)'> (0x00000000d5942bd8) 
thrown [s\src\hotspot\share\interpreter\linkResolver.cpp, line 773]
Event: 19.740 Thread 0x00000210e9126ce0 Exception <a 'java/lang/NoSuchMethodError'{0x00000000d6151470}: 'int java.lang.invoke.Invokers$Holder.invokeExact_MT(java.lang.Object, java.lang.Object)'> (0x00000000d6151470) 
thrown [s\src\hotspot\share\interpreter\linkResolver.cpp, line 773]
Event: 20.340 Thread 0x00000210e621ed70 Implicit null exception at 0x0000021092f311cb to 0x0000021092f31bdc
Event: 20.360 Thread 0x00000210e621f400 Exception <a 'sun/nio/fs/WindowsException'{0x00000000d61d5de0}> (0x00000000d61d5de0) 
thrown [s\src\hotspot\share\prims\jni.cpp, line 520]
Event: 20.389 Thread 0x00000210e621f400 Implicit null exception at 0x0000021092ca52e2 to 0x0000021092ca5964

ZGC Phase Switch (0 events):
No events

VM Operations (20 events):
Event: 20.204 Executing VM operation: ParallelGCFailedAllocation (Allocation Failure)
Event: 20.210 Executing VM operation: ParallelGCFailedAllocation (Allocation Failure) done
Event: 20.235 Executing VM operation: ParallelGCFailedAllocation (Allocation Failure)
Event: 20.240 Executing VM operation: ParallelGCFailedAllocation (Allocation Failure) done
Event: 20.272 Executing VM operation: ParallelGCFailedAllocation (Allocation Failure)
Event: 20.282 Executing VM operation: ParallelGCFailedAllocation (Allocation Failure) done
Event: 20.307 Executing VM operation: ParallelGCFailedAllocation (Allocation Failure)
Event: 20.311 Executing VM operation: ParallelGCFailedAllocation (Allocation Failure) done
Event: 20.334 Executing VM operation: ParallelGCFailedAllocation (Allocation Failure)
Event: 20.336 Executing VM operation: ParallelGCFailedAllocation (Allocation Failure) done
Event: 20.363 Executing VM operation: ParallelGCFailedAllocation (Allocation Failure)
Event: 20.366 Executing VM operation: ParallelGCFailedAllocation (Allocation Failure) done
Event: 20.384 Executing VM operation: ParallelGCFailedAllocation (Allocation Failure)
Event: 20.387 Executing VM operation: ParallelGCFailedAllocation (Allocation Failure) done
Event: 20.409 Executing VM operation: ParallelGCFailedAllocation (Allocation Failure)
Event: 20.414 Executing VM operation: ParallelGCFailedAllocation (Allocation Failure) done
Event: 20.434 Executing VM operation: ParallelGCFailedAllocation (Allocation Failure)
Event: 20.436 Executing VM operation: ParallelGCFailedAllocation (Allocation Failure) done
Event: 20.463 Executing VM operation: ParallelGCFailedAllocation (Allocation Failure)
Event: 20.471 Executing VM operation: ParallelGCFailedAllocation (Allocation Failure) done

Memory protections (0 events):
No events

Nmethod flushes (20 events):
Event: 6.137 Thread 0x0000021087d6e880 flushing  nmethod 0x000002108b466690
Event: 6.137 Thread 0x0000021087d6e880 flushing  nmethod 0x000002108b49ec90
Event: 6.137 Thread 0x0000021087d6e880 flushing  nmethod 0x000002108b4cc190
Event: 6.137 Thread 0x0000021087d6e880 flushing  nmethod 0x000002108b4d8e10
Event: 6.137 Thread 0x0000021087d6e880 flushing  nmethod 0x000002108b4db310
Event: 6.137 Thread 0x0000021087d6e880 flushing  nmethod 0x000002108b4dcc90
Event: 6.137 Thread 0x0000021087d6e880 flushing  nmethod 0x000002108b4dd090
Event: 6.137 Thread 0x0000021087d6e880 flushing  nmethod 0x000002108b4de690
Event: 6.137 Thread 0x0000021087d6e880 flushing  nmethod 0x000002108b4e0390
Event: 6.137 Thread 0x0000021087d6e880 flushing  nmethod 0x000002108b4e1410
Event: 6.137 Thread 0x0000021087d6e880 flushing  nmethod 0x000002108b4e2590
Event: 6.137 Thread 0x0000021087d6e880 flushing  nmethod 0x000002108b4e3690
Event: 6.137 Thread 0x0000021087d6e880 flushing  nmethod 0x000002108b4e4e90
Event: 6.137 Thread 0x0000021087d6e880 flushing  nmethod 0x000002108b52f110
Event: 6.137 Thread 0x0000021087d6e880 flushing  nmethod 0x000002108b52f410
Event: 6.137 Thread 0x0000021087d6e880 flushing  nmethod 0x000002108b57e290
Event: 6.137 Thread 0x0000021087d6e880 flushing  nmethod 0x000002108b5b8310
Event: 6.137 Thread 0x0000021087d6e880 flushing  nmethod 0x000002108b5f6710
Event: 6.137 Thread 0x0000021087d6e880 flushing  nmethod 0x000002108b5f6b90
Event: 6.137 Thread 0x0000021087d6e880 flushing  nmethod 0x000002108b60f090

Events (20 events):
Event: 15.642 Thread 0x000002109e72a4e0 Thread added: 0x00000210e883d240
Event: 15.675 Thread 0x000002109e75e390 Thread added: 0x00000210e60cd220
Event: 16.000 Thread 0x00000210e60cd220 Thread exited: 0x00000210e60cd220
Event: 16.680 Thread 0x00000210e883d240 Thread exited: 0x00000210e883d240
Event: 16.735 Thread 0x00000210e9128090 Thread added: 0x00000210e9124580
Event: 16.736 Thread 0x00000210e9128090 Thread added: 0x00000210e9122b40
Event: 16.736 Thread 0x00000210e9128090 Thread added: 0x00000210e9126ce0
Event: 16.814 Thread 0x000002109e75e390 Thread added: 0x00000210e883d240
Event: 17.075 Thread 0x000002109e75e390 Thread added: 0x00000210ead3d010
Event: 18.686 Thread 0x00000210ead3d010 Thread exited: 0x00000210ead3d010
Event: 19.367 Thread 0x00000210e6221b60 Thread added: 0x00000210e91224b0
Event: 19.368 Thread 0x00000210e91224b0 Thread added: 0x00000210e9121e20
Event: 19.550 Thread 0x00000210e883d240 Thread exited: 0x00000210e883d240
Event: 19.588 Thread 0x000002109e72a4e0 Thread added: 0x00000210ea3f63e0
Event: 19.604 Thread 0x000002109e75e390 Thread added: 0x00000210e9288160
Event: 20.163 Thread 0x00000210e9121e20 Thread added: 0x00000210e9128720
Event: 20.418 Thread 0x00000210e9124580 Thread added: 0x00000210e9127370
Event: 20.437 Thread 0x00000210e9127370 Thread added: 0x00000210e91231d0
Event: 20.453 Thread 0x00000210e9124580 Thread added: 0x00000210e9124c10
Event: 20.473 Thread 0x00000210e9124c10 Thread exited: 0x00000210e9124c10


Dynamic libraries:
0x00007ff641c50000 - 0x00007ff641c5e000 	c:\Users\KRISHNANSOURAV\.vscode\extensions\redhat.java-1.50.0-win32-x64\jre\21.0.9-win32-x86_64\bin\java.exe
0x00007ff9c1150000 - 0x00007ff9c1367000 	C:\WINDOWS\SYSTEM32\ntdll.dll
0x00007ff9bf100000 - 0x00007ff9bf1c4000 	C:\WINDOWS\System32\KERNEL32.DLL
0x00007ff9be870000 - 0x00007ff9bec42000 	C:\WINDOWS\System32\KERNELBASE.dll
0x00007ff9be3b0000 - 0x00007ff9be4c1000 	C:\WINDOWS\System32\ucrtbase.dll
0x00007ff99fb30000 - 0x00007ff99fb48000 	c:\Users\KRISHNANSOURAV\.vscode\extensions\redhat.java-1.50.0-win32-x64\jre\21.0.9-win32-x86_64\bin\jli.dll
0x00007ff9bede0000 - 0x00007ff9bef91000 	C:\WINDOWS\System32\USER32.dll
0x00007ff9be840000 - 0x00007ff9be866000 	C:\WINDOWS\System32\win32u.dll
0x00007ff9bf810000 - 0x00007ff9bf839000 	C:\WINDOWS\System32\GDI32.dll
0x00007ff9be690000 - 0x00007ff9be7b3000 	C:\WINDOWS\System32\gdi32full.dll
0x00007ff9bed10000 - 0x00007ff9bedaa000 	C:\WINDOWS\System32\msvcp_win.dll
0x00007ff99dad0000 - 0x00007ff99daee000 	c:\Users\KRISHNANSOURAV\.vscode\extensions\redhat.java-1.50.0-win32-x64\jre\21.0.9-win32-x86_64\bin\VCRUNTIME140.dll
0x00007ff9a5a80000 - 0x00007ff9a5d1b000 	C:\WINDOWS\WinSxS\amd64_microsoft.windows.common-controls_6595b64144ccf1df_6.0.22621.5547_none_27104afb73855772\COMCTL32.dll
0x00007ff9bf840000 - 0x00007ff9bf8e7000 	C:\WINDOWS\System32\msvcrt.dll
0x00007ff9c0d40000 - 0x00007ff9c0d71000 	C:\WINDOWS\System32\IMM32.DLL
0x00007ff9bbf40000 - 0x00007ff9bbf4c000 	c:\Users\KRISHNANSOURAV\.vscode\extensions\redhat.java-1.50.0-win32-x64\jre\21.0.9-win32-x86_64\bin\vcruntime140_1.dll
0x00007ff9698f0000 - 0x00007ff96997d000 	c:\Users\KRISHNANSOURAV\.vscode\extensions\redhat.java-1.50.0-win32-x64\jre\21.0.9-win32-x86_64\bin\msvcp140.dll
0x00007ff93ec10000 - 0x00007ff93f9b0000 	c:\Users\KRISHNANSOURAV\.vscode\extensions\redhat.java-1.50.0-win32-x64\jre\21.0.9-win32-x86_64\bin\server\jvm.dll
0x00007ff9bf750000 - 0x00007ff9bf801000 	C:\WINDOWS\System32\ADVAPI32.dll
0x00007ff9bf370000 - 0x00007ff9bf418000 	C:\WINDOWS\System32\sechost.dll
0x00007ff9bedb0000 - 0x00007ff9bedd8000 	C:\WINDOWS\System32\bcrypt.dll
0x00007ff9bfca0000 - 0x00007ff9bfdb4000 	C:\WINDOWS\System32\RPCRT4.dll
0x00007ff9befa0000 - 0x00007ff9bf011000 	C:\WINDOWS\System32\WS2_32.dll
0x00007ff9bd0a0000 - 0x00007ff9bd0ed000 	C:\WINDOWS\SYSTEM32\POWRPROF.dll
0x00007ff9bbc90000 - 0x00007ff9bbcc4000 	C:\WINDOWS\SYSTEM32\WINMM.dll
0x00007ff9b9220000 - 0x00007ff9b922a000 	C:\WINDOWS\SYSTEM32\VERSION.dll
0x00007ff9bd080000 - 0x00007ff9bd093000 	C:\WINDOWS\SYSTEM32\UMPDC.dll
0x00007ff9bd360000 - 0x00007ff9bd378000 	C:\WINDOWS\SYSTEM32\kernel.appcore.dll
0x00007ff9a3df0000 - 0x00007ff9a3dfa000 	c:\Users\KRISHNANSOURAV\.vscode\extensions\redhat.java-1.50.0-win32-x64\jre\21.0.9-win32-x86_64\bin\jimage.dll
0x00007ff9bb8c0000 - 0x00007ff9bbaf3000 	C:\WINDOWS\SYSTEM32\DBGHELP.DLL
0x00007ff9bf900000 - 0x00007ff9bfc93000 	C:\WINDOWS\System32\combase.dll
0x00007ff9c0d80000 - 0x00007ff9c0e57000 	C:\WINDOWS\System32\OLEAUT32.dll
0x00007ff9bbc50000 - 0x00007ff9bbc82000 	C:\WINDOWS\SYSTEM32\dbgcore.DLL
0x00007ff9be610000 - 0x00007ff9be68b000 	C:\WINDOWS\System32\bcryptPrimitives.dll
0x00007ff9a2a30000 - 0x00007ff9a2a3f000 	c:\Users\KRISHNANSOURAV\.vscode\extensions\redhat.java-1.50.0-win32-x64\jre\21.0.9-win32-x86_64\bin\instrument.dll
0x00007ff997840000 - 0x00007ff997860000 	c:\Users\KRISHNANSOURAV\.vscode\extensions\redhat.java-1.50.0-win32-x64\jre\21.0.9-win32-x86_64\bin\java.dll
0x00007ff9bfdc0000 - 0x00007ff9c0662000 	C:\WINDOWS\System32\SHELL32.dll
0x00007ff9be4d0000 - 0x00007ff9be60f000 	C:\WINDOWS\System32\wintypes.dll
0x00007ff9bc130000 - 0x00007ff9bca4d000 	C:\WINDOWS\SYSTEM32\windows.storage.dll
0x00007ff9c0e60000 - 0x00007ff9c0f6c000 	C:\WINDOWS\System32\SHCORE.dll
0x00007ff9bf420000 - 0x00007ff9bf489000 	C:\WINDOWS\System32\shlwapi.dll
0x00007ff9be170000 - 0x00007ff9be19b000 	C:\WINDOWS\SYSTEM32\profapi.dll
0x00007ff991e00000 - 0x00007ff991e18000 	c:\Users\KRISHNANSOURAV\.vscode\extensions\redhat.java-1.50.0-win32-x64\jre\21.0.9-win32-x86_64\bin\zip.dll
0x00007ff99dbd0000 - 0x00007ff99dbe0000 	C:\Users\KRISHNANSOURAV\.vscode\extensions\redhat.java-1.50.0-win32-x64\jre\21.0.9-win32-x86_64\bin\net.dll
0x00007ff9ba5d0000 - 0x00007ff9ba6fc000 	C:\WINDOWS\SYSTEM32\WINHTTP.dll
0x00007ff9bd7e0000 - 0x00007ff9bd849000 	C:\WINDOWS\system32\mswsock.dll
0x00007ff98d530000 - 0x00007ff98d546000 	C:\Users\KRISHNANSOURAV\.vscode\extensions\redhat.java-1.50.0-win32-x64\jre\21.0.9-win32-x86_64\bin\nio.dll
0x00007ff99c380000 - 0x00007ff99c390000 	c:\Users\KRISHNANSOURAV\.vscode\extensions\redhat.java-1.50.0-win32-x64\jre\21.0.9-win32-x86_64\bin\verify.dll
0x00007ff969410000 - 0x00007ff969454000 	C:\Users\KRISHNANSOURAV\AppData\Roaming\Code\User\globalStorage\redhat.java\1.50.0\config_win\org.eclipse.equinox.launcher\org.eclipse.equinox.launcher.win32.win32.x86_64_1.2.1400.v20250801-0854\eclipse_11916.dll
0x00007ff9bf1d0000 - 0x00007ff9bf370000 	C:\WINDOWS\System32\ole32.dll
0x00007ff9bda40000 - 0x00007ff9bda5b000 	C:\WINDOWS\SYSTEM32\CRYPTSP.dll
0x00007ff9bd2c0000 - 0x00007ff9bd2f7000 	C:\WINDOWS\system32\rsaenh.dll
0x00007ff9bd8d0000 - 0x00007ff9bd8f8000 	C:\WINDOWS\SYSTEM32\USERENV.dll
0x00007ff9bda30000 - 0x00007ff9bda3c000 	C:\WINDOWS\SYSTEM32\CRYPTBASE.dll
0x00007ff9bcd20000 - 0x00007ff9bcd4d000 	C:\WINDOWS\SYSTEM32\IPHLPAPI.DLL
0x00007ff9bf740000 - 0x00007ff9bf749000 	C:\WINDOWS\System32\NSI.dll
0x00007ff969750000 - 0x00007ff969799000 	D:\Temp\jna--71846670\jna13528058944344211450.dll
0x00007ff9c1100000 - 0x00007ff9c1108000 	C:\WINDOWS\System32\PSAPI.DLL
0x00007ff9b95d0000 - 0x00007ff9b95e9000 	C:\WINDOWS\SYSTEM32\dhcpcsvc6.DLL
0x00007ff9b95b0000 - 0x00007ff9b95cf000 	C:\WINDOWS\SYSTEM32\dhcpcsvc.DLL

JVMTI agents:
c:\Users\KRISHNANSOURAV\.vscode\extensions\redhat.java-1.50.0-win32-x64\lombok\lombok-1.18.39-4050.jar path:c:\Users\KRISHNANSOURAV\.vscode\extensions\redhat.java-1.50.0-win32-x64\jre\21.0.9-win32-x86_64\bin\instrument.dll, loaded, initialized, instrumentlib options:none

dbghelp: loaded successfully - version: 4.0.5 - missing functions: none
symbol engine: initialized successfully - sym options: 0x614 - pdb path: .;c:\Users\KRISHNANSOURAV\.vscode\extensions\redhat.java-1.50.0-win32-x64\jre\21.0.9-win32-x86_64\bin;C:\WINDOWS\SYSTEM32;C:\WINDOWS\WinSxS\amd64_microsoft.windows.common-controls_6595b64144ccf1df_6.0.22621.5547_none_27104afb73855772;c:\Users\KRISHNANSOURAV\.vscode\extensions\redhat.java-1.50.0-win32-x64\jre\21.0.9-win32-x86_64\bin\server;C:\Users\KRISHNANSOURAV\AppData\Roaming\Code\User\globalStorage\redhat.java\1.50.0\config_win\org.eclipse.equinox.launcher\org.eclipse.equinox.launcher.win32.win32.x86_64_1.2.1400.v20250801-0854;D:\Temp\jna--71846670

VM Arguments:
jvm_args: --add-modules=ALL-SYSTEM --add-opens=java.base/java.util=ALL-UNNAMED --add-opens=java.base/java.lang=ALL-UNNAMED --add-opens=java.base/sun.nio.fs=ALL-UNNAMED -Declipse.application=org.eclipse.jdt.ls.core.id1 -Dosgi.bundles.defaultStartLevel=4 -Declipse.product=org.eclipse.jdt.ls.core.product -Djava.import.generatesMetadataFilesAtProjectRoot=false -DDetectVMInstallationsJob.disabled=true -Dfile.encoding=utf8 -XX:+UseParallelGC -XX:GCTimeRatio=4 -XX:AdaptiveSizePolicyWeight=90 -Dsun.zip.disableMemoryMapping=true -Xmx2G -Xms100m -Xlog:disable -javaagent:c:\Users\KRISHNANSOURAV\.vscode\extensions\redhat.java-1.50.0-win32-x64\lombok\lombok-1.18.39-4050.jar -XX:+HeapDumpOnOutOfMemoryError -XX:HeapDumpPath=c:\Users\KRISHNANSOURAV\AppData\Roaming\Code\User\workspaceStorage\b65ec31a61f428cd775f041e1f55bc02\redhat.java -Daether.dependencyCollector.impl=bf 
java_command: c:\Users\KRISHNANSOURAV\.vscode\extensions\redhat.java-1.50.0-win32-x64\server\plugins\org.eclipse.equinox.launcher_1.7.100.v20251111-0406.jar -configuration c:\Users\KRISHNANSOURAV\AppData\Roaming\Code\User\globalStorage\redhat.java\1.50.0\config_win -data c:\Users\KRISHNANSOURAV\AppData\Roaming\Code\User\workspaceStorage\b65ec31a61f428cd775f041e1f55bc02\redhat.java\jdt_ws --pipe=\\.\pipe\lsp-30ba97dc3f9dcbab8c0a8d5a4e466e36-sock
java_class_path (initial): c:\Users\KRISHNANSOURAV\.vscode\extensions\redhat.java-1.50.0-win32-x64\server\plugins\org.eclipse.equinox.launcher_1.7.100.v20251111-0406.jar
Launcher Type: SUN_STANDARD

[Global flags]
    uintx AdaptiveSizePolicyWeight                 = 90                                        {product} {command line}
     intx CICompilerCount                          = 4                                         {product} {ergonomic}
    uintx GCTimeRatio                              = 4                                         {product} {command line}
     bool HeapDumpOnOutOfMemoryError               = true                                   {manageable} {command line}
    ccstr HeapDumpPath                             = c:\Users\KRISHNANSOURAV\AppData\Roaming\Code\User\workspaceStorage\b65ec31a61f428cd775f041e1f55bc02\redhat.java         {manageable} {command line}
   size_t InitialHeapSize                          = 104857600                                 {product} {command line}
   size_t MaxHeapSize                              = 2147483648                                {product} {command line}
   size_t MaxNewSize                               = 715653120                                 {product} {ergonomic}
   size_t MinHeapDeltaBytes                        = 524288                                    {product} {ergonomic}
   size_t MinHeapSize                              = 104857600                                 {product} {command line}
   size_t NewSize                                  = 34603008                                  {product} {ergonomic}
    uintx NonNMethodCodeHeapSize                   = 5839372                                {pd product} {ergonomic}
    uintx NonProfiledCodeHeapSize                  = 122909434                              {pd product} {ergonomic}
   size_t OldSize                                  = 70254592                                  {product} {ergonomic}
    uintx ProfiledCodeHeapSize                     = 122909434                              {pd product} {ergonomic}
    uintx ReservedCodeCacheSize                    = 251658240                              {pd product} {ergonomic}
     bool SegmentedCodeCache                       = true                                      {product} {ergonomic}
   size_t SoftMaxHeapSize                          = 2147483648                             {manageable} {ergonomic}
     bool UseCompressedOops                        = true                           {product lp64_product} {ergonomic}
     bool UseLargePagesIndividualAllocation        = false                                  {pd product} {ergonomic}
     bool UseParallelGC                            = true                                      {product} {command line}

Logging:
Log output configuration:
 #0: stdout all=off uptime,level,tags foldmultilines=false
 #1: stderr all=off uptime,level,tags foldmultilines=false

Release file:
JAVA_VERSION="21.0.9" 
MODULES="java.base java.compiler java.datatransfer java.xml java.prefs java.desktop java.instrument java.logging java.management java.security.sasl java.naming java.rmi java.management.rmi java.net.http java.scripting java.security.jgss java.transaction.xa java.sql java.sql.rowset java.xml.crypto java.se java.smartcardio jdk.accessibility jdk.internal.jvmstat jdk.attach jdk.charsets jdk.internal.opt jdk.zipfs jdk.compiler jdk.crypto.ec jdk.crypto.cryptoki jdk.crypto.mscapi jdk.dynalink jdk.internal.ed jdk.editpad jdk.hotspot.agent jdk.httpserver jdk.internal.le jdk.internal.vm.ci jdk.internal.vm.compiler jdk.internal.vm.compiler.management jdk.jartool jdk.javadoc jdk.jcmd jdk.management jdk.management.agent jdk.jconsole jdk.jdeps jdk.jdwp.agent jdk.jdi jdk.jfr jdk.jshell jdk.jsobject jdk.jstatd jdk.localedata jdk.management.jfr jdk.naming.dns jdk.naming.rmi jdk.net jdk.nio.mapmode jdk.random jdk.sctp jdk.security.auth jdk.security.jgss jdk.unsupported jdk.unsupported.desktop jdk.xml.dom" 

Environment Variables:
PATH=C:\Program Files\Eclipse Adoptium\jdk-25.0.1.8-hotspot\bin;C:\WINDOWS\system32;C:\WINDOWS;C:\WINDOWS\System32\Wbem;C:\WINDOWS\System32\WindowsPowerShell\v1.0\;C:\WINDOWS\System32\OpenSSH\;C:\Program Files\Git\cmd;C:\Program Files\nodejs\;C:\Program Files\Apache\Maven\apache-maven-3.9.11\bin;D:\Rust\.cargo\bin;C:\Program Files\PuTTY\;C:\Program Files\Cloudflare\Cloudflare WARP\;C:\Program Files\Common Files\Oracle\Java\javapath;C:\WINDOWS\system32;C:\WINDOWS;C:\WINDOWS\System32\Wbem;C:\WINDOWS\System32\WindowsPowerShell\v1.0\;C:\WINDOWS\System32\OpenSSH\;C:\Program Files\Git\cmd;C:\Program Files\nodejs\;C:\Program Files\Apache\Maven\apache-maven-3.9.11\bin;C:\Users\KRISHNANSOURAV\.cargo\bin;C:\Users\KRISHNANSOURAV\.cargo\bin;C:\Users\KRISHNANSOURAV\AppData\Local\Microsoft\WindowsApps;C:\Users\KRISHNANSOURAV\AppData\Local\Programs\Microsoft VS Code\bin;C:\Users\KRISHNANSOURAV\Downloads\flutter_windows_2.10.2-stable.zip;C:\flutter\bin;D:\flutter\bin;C:\Program Files\sfdx\bin;C:\Users\KRISHNANSOURAV\AppData\Roaming\npm;C:\Program Files\PostgreSQL\16\bin;D:\Rust\.cargo\bin;C:\Users\KRISHNANSOURAV\AppData\Local\Python\bin
USERNAME=KRISHNANSOURAV
OS=Windows_NT
PROCESSOR_IDENTIFIER=Intel64 Family 6 Model 140 Stepping 1, GenuineIntel
TMP=D:\Temp
TEMP=D:\Temp




Periodic native trim disabled

---------------  S Y S T E M  ---------------

OS:
 Windows 11 , 64 bit Build 22621 (10.0.22621.5415)
OS uptime: 17 days 20:15 hours
Hyper-V role detected

CPU: total 8 (initial active 8) (4 cores per cpu, 2 threads per core) family 6 model 140 stepping 1 microcode 0xb8, cx8, cmov, fxsr, ht, mmx, 3dnowpref, sse, sse2, sse3, ssse3, sse4.1, sse4.2, popcnt, lzcnt, tsc, tscinvbit, avx, avx2, aes, erms, clmul, bmi1, bmi2, adx, avx512f, avx512dq, avx512cd, avx512bw, avx512vl, sha, fma, vzeroupper, avx512_vpopcntdq, avx512_vpclmulqdq, avx512_vaes, avx512_vnni, clflush, clflushopt, clwb, avx512_vbmi2, avx512_vbmi, hv, rdtscp, rdpid, fsrm, gfni, avx512_bitalg, f16c, cet_ibt, cet_ss, avx512_ifma
Processor Information for the first 8 processors :
  Max Mhz: 1690, Current Mhz: 1690, Mhz Limit: 1690

Memory: 4k page, system-wide physical 16106M (3422M free)
TotalPageFile size 18123M (AvailPageFile size 4M)
current process WorkingSet (physical memory assigned to process): 324M, peak: 324M
current process commit charge ("private bytes"): 395M, peak: 1667M

vm_info: OpenJDK 64-Bit Server VM (21.0.9+10-LTS) for windows-amd64 JRE (21.0.9+10-LTS), built on 2025-10-21T00:00:00Z by "admin" with unknown MS VC++:1942

END.
